#
# A fatal error has been detected by the Java Runtime Environment:
#
#  SIGILL (0x4) at pc=0x00007fffa8494bde, pid=552, tid=0x0000000000000203
#
# JRE version: Java(TM) SE Runtime Environment (8.0_102-b14) (build 1.8.0_102-b14)
# Java VM: Java HotSpot(TM) 64-Bit Server VM (25.102-b14 mixed mode bsd-amd64 compressed oops)
# Problematic frame:
# C  [libsystem_platform.dylib+0x5bde]  _os_unfair_lock_corruption_abort+0x17
#
# Failed to write core dump. Core dumps have been disabled. To enable core dumping, try "ulimit -c unlimited" before starting Java again
#
# If you would like to submit a bug report, please visit:
#   http://bugreport.java.com/bugreport/crash.jsp
# The crash happened outside the Java Virtual Machine in native code.
# See problematic frame for where to report the bug.
#

---------------  T H R E A D  ---------------

Current thread (0x0000000102622000):  JavaThread "Spawner Reaper" daemon [_thread_in_native, id=76079, stack(0x000070000a33c000,0x000070000a43c000)]

siginfo: si_signo: 4 (SIGILL), si_code: 1 (ILL_ILLOPC), si_addr: 0x00007fffa8494bde

Registers:
RAX=0x0000000000000306, RBX=0x0000000000000306, RCX=0x00007fffa8496b6c, RDX=0x0000000000000000
RSP=0x000070000a43b218, RBP=0x000070000a43b250, RSI=0x00007fffb1021240, RDI=0x0000000000000306
R8 =0x000000000000031c, R9 =0x000000000000031d, R10=0x0000000000000000, R11=0x0000000000000246
R12=0x00007fffb1021240, R13=0x0000000000000203, R14=0x0000000001010002, R15=0x0000000000000203
RIP=0x00007fffa8494bde, EFLAGS=0x0000000000010246, ERR=0x0000000000000000
  TRAPNO=0x0000000000000006

Top of Stack: (sp=0x000070000a43b218)
0x000070000a43b218:   00007fffa849444e 0000000000000307
0x000070000a43b228:   0000000000000dc0 0000000132f1e070
0x000070000a43b238:   00007fffb1020480 00007fffb1021240
0x000070000a43b248:   0000000132f1db40 000070000a43b2a0
0x000070000a43b258:   00007fffa79953ae 0000000000000000
0x000070000a43b268:   0000000000000000 0000000000000000
0x000070000a43b278:   0000000132f1e070 0000000000000000
0x000070000a43b288:   0000000132f1db40 0000000000000001
0x000070000a43b298:   0000000132f1db40 000070000a43b2c0
0x000070000a43b2a8:   00007fffa79950f9 0000000132f1e070
0x000070000a43b2b8:   0000000000000002 000070000a43b2e0
0x000070000a43b2c8:   00007fffa7995059 0000000000000000
0x000070000a43b2d8:   0000000132f031a0 000070000a43b300
0x000070000a43b2e8:   00007fffa84dcb37 0000000000000203
0x000070000a43b2f8:   000000012f758e30 000070000a43b330
0x000070000a43b308:   00007fffa84dca53 00007fffb10e0a50
0x000070000a43b318:   0000000132f1db40 0000000000000000
0x000070000a43b328:   0000000000000008 000070000a43b350
0x000070000a43b338:   00007fffa84dc50d 00000000ffffffff
0x000070000a43b348:   0000000000000008 000070000a43b3e0
0x000070000a43b358:   00007fffa84dd0b6 0000000000000000
0x000070000a43b368:   0000000000000000 000070000a43b3f0
0x000070000a43b378:   0000000000000000 00007fffa8396280
0x000070000a43b388:   000070000a43b424 000000012f86a0a0
0x000070000a43b398:   0000000000000000 0000000000000000
0x000070000a43b3a8:   0000000000000000 0000000000000000
0x000070000a43b3b8:   faa341e0d7280027 00000001001019d0
0x000070000a43b3c8:   0000000000000000 0000000000000000
0x000070000a43b3d8:   0000000000000002 000070000a43b410
0x000070000a43b3e8:   00007fffa84dce41 0000000000000000
0x000070000a43b3f8:   0000000000000000 faa341e0d7280027
0x000070000a43b408:   00007fffa8396280 000070000a43b440 

Instructions: (pc=0x00007fffa8494bde)
0x00007fffa8494bbe:   89 f7 e8 55 18 00 00 eb ae 89 f8 48 8d 0d 9c 1f
0x00007fffa8494bce:   00 00 48 89 0d e1 b6 c3 08 48 89 05 0a b7 c3 08
0x00007fffa8494bde:   0f 0b 89 f8 48 8d 0d 12 20 00 00 48 89 0d c8 b6
0x00007fffa8494bee:   c3 08 48 89 05 f1 b6 c3 08 0f 0b 55 48 89 e5 41 

Register to memory mapping:

RAX=0x0000000000000306 is an unknown value
RBX=0x0000000000000306 is an unknown value
RCX=0x00007fffa8496b6c: _h+0x25c in /usr/lib/system/libsystem_platform.dylib at 0x00007fffa848f000
RDX=0x0000000000000000 is an unknown value
RSP=0x000070000a43b218 is pointing into the stack for thread: 0x0000000102622000
RBP=0x000070000a43b250 is pointing into the stack for thread: 0x0000000102622000
RSI=0x00007fffb1021240: _ZN12_GLOBAL__N_1L12SideTableBufE+0xdc0 in /usr/lib/libobjc.A.dylib at 0x00007fffa798c000
RDI=0x0000000000000306 is an unknown value
R8 =0x000000000000031c is an unknown value
R9 =0x000000000000031d is an unknown value
R10=0x0000000000000000 is an unknown value
R11=0x0000000000000246 is an unknown value
R12=0x00007fffb1021240: _ZN12_GLOBAL__N_1L12SideTableBufE+0xdc0 in /usr/lib/libobjc.A.dylib at 0x00007fffa798c000
R13=0x0000000000000203 is an unknown value
R14=0x0000000001010002 is an unknown value
R15=0x0000000000000203 is an unknown value


Stack: [0x000070000a33c000,0x000070000a43c000],  sp=0x000070000a43b218,  free space=1020k
Native frames: (J=compiled Java code, j=interpreted, Vv=VM code, C=native code)
C  [libsystem_platform.dylib+0x5bde]  _os_unfair_lock_corruption_abort+0x17
C  [libobjc.A.dylib+0x93ae]  _ZN11objc_object27sidetable_clearDeallocatingEv+0x54
C  [libobjc.A.dylib+0x90f9]  objc_destructInstance+0x8f
C  [libobjc.A.dylib+0x9059]  object_dispose+0x16
C  [libxpc.dylib+0x4b37]  _xpc_dictionary_node_free+0x36
C  [libxpc.dylib+0x4a53]  _xpc_dictionary_dispose+0x22
C  [libxpc.dylib+0x450d]  _xpc_dispose+0xf
C  [libxpc.dylib+0x50b6]  bootstrap_look_up3+0x263
C  [libxpc.dylib+0x4e41]  bootstrap_look_up2+0x2d
C  [libxpc.dylib+0x70a3]  xpc_pipe_create+0x3d
C  [libsystem_info.dylib+0x1a8b]  _od_xpc_pipe+0x96
C  [libsystem_info.dylib+0x19c8]  _od_running+0xd
C  [libsystem_info.dylib+0x6181]  ds_group_byname+0x12
C  [libsystem_info.dylib+0x6102]  search_group_byname+0x66
C  [libsystem_info.dylib+0x6058]  getgrnam+0x33
C  [libspawner.jnilib+0x265e]  ptys_open+0x1e
C  [libspawner.jnilib+0x20ee]  exec_pty+0x22e
C  [libspawner.jnilib+0x1102]  Java_org_eclipse_cdt_utils_spawner_Spawner_exec2+0x182
j  org.eclipse.cdt.utils.spawner.Spawner.exec2([Ljava/lang/String;[Ljava/lang/String;Ljava/lang/String;[ILjava/lang/String;IZ)I+0
j  org.eclipse.cdt.utils.pty.PTY.exec_pty(Lorg/eclipse/cdt/utils/spawner/Spawner;[Ljava/lang/String;[Ljava/lang/String;Ljava/lang/String;[I)I+48
j  org.eclipse.cdt.utils.spawner.Spawner$2.execute([Ljava/lang/String;[Ljava/lang/String;Ljava/lang/String;[I)I+13
j  org.eclipse.cdt.utils.spawner.Spawner$Reaper.run()V+20
v  ~StubRoutines::call_stub
V  [libjvm.dylib+0x2ed5e2]
V  [libjvm.dylib+0x2edd70]
V  [libjvm.dylib+0x2edf1c]
V  [libjvm.dylib+0x348691]
V  [libjvm.dylib+0x56a4db]
V  [libjvm.dylib+0x56bbc8]
V  [libjvm.dylib+0x489ed2]
C  [libsystem_pthread.dylib+0x3aab]  _pthread_body+0xb4
C  [libsystem_pthread.dylib+0x39f7]  _pthread_body+0x0
C  [libsystem_pthread.dylib+0x31fd]  thread_start+0xd
C  0x0000000000000000

Java frames: (J=compiled Java code, j=interpreted, Vv=VM code)
j  org.eclipse.cdt.utils.spawner.Spawner.exec2([Ljava/lang/String;[Ljava/lang/String;Ljava/lang/String;[ILjava/lang/String;IZ)I+0
j  org.eclipse.cdt.utils.pty.PTY.exec_pty(Lorg/eclipse/cdt/utils/spawner/Spawner;[Ljava/lang/String;[Ljava/lang/String;Ljava/lang/String;[I)I+48
j  org.eclipse.cdt.utils.spawner.Spawner$2.execute([Ljava/lang/String;[Ljava/lang/String;Ljava/lang/String;[I)I+13
j  org.eclipse.cdt.utils.spawner.Spawner$Reaper.run()V+20
v  ~StubRoutines::call_stub

---------------  P R O C E S S  ---------------

Java Threads: ( => current thread )
=>0x0000000102622000 JavaThread "Spawner Reaper" daemon [_thread_in_native, id=76079, stack(0x000070000a33c000,0x000070000a43c000)]
  0x0000000127d52000 JavaThread "Worker-104" [_thread_blocked, id=111679, stack(0x000070000ab54000,0x000070000ac54000)]
  0x0000000100f40800 JavaThread "Worker-103" [_thread_blocked, id=110099, stack(0x000070000aa51000,0x000070000ab51000)]
  0x0000000120204000 JavaThread "Worker-102" [_thread_blocked, id=64535, stack(0x000070000a645000,0x000070000a745000)]
  0x0000000120640000 JavaThread "Worker-101" [_thread_blocked, id=102987, stack(0x000070000a239000,0x000070000a339000)]
  0x0000000122ed0000 JavaThread "Worker-100" [_thread_blocked, id=107007, stack(0x0000700009e2a000,0x0000700009f2a000)]
  0x000000010260d800 JavaThread "Worker-98" [_thread_blocked, id=94863, stack(0x0000700009895000,0x0000700009995000)]
  0x0000000127bf3800 JavaThread "Worker-96" [_thread_blocked, id=110707, stack(0x000070000b578000,0x000070000b678000)]
  0x0000000128187000 JavaThread "Worker-87" [_thread_blocked, id=107183, stack(0x000070000a94e000,0x000070000aa4e000)]
  0x00000001025be000 JavaThread "org.eclipse.cdt.internal.ui.text.CReconciler" daemon [_thread_blocked, id=88747, stack(0x0000700007dbe000,0x0000700007ebe000)]
  0x0000000128723000 JavaThread "org.eclipse.cdt.internal.ui.text.CReconciler" daemon [_thread_blocked, id=86115, stack(0x000070000a542000,0x000070000a642000)]
  0x0000000122d27000 JavaThread "org.eclipse.cdt.internal.ui.text.CReconciler" daemon [_thread_blocked, id=91807, stack(0x000070000a43f000,0x000070000a53f000)]
  0x000000012368e000 JavaThread "[ThreadPool Manager] - Idle Thread" daemon [_thread_blocked, id=54795, stack(0x0000700009792000,0x0000700009892000)]
  0x000000012365e000 JavaThread "Provisioning Event Dispatcher" daemon [_thread_blocked, id=90883, stack(0x000070000b67b000,0x000070000b77b000)]
  0x0000000122b59800 JavaThread "Thread-7" [_thread_blocked, id=88107, stack(0x000070000af60000,0x000070000b060000)]
  0x0000000101856800 JavaThread "EventAdmin Async Event Dispatcher Thread" daemon [_thread_blocked, id=74247, stack(0x000070000a0b3000,0x000070000a1b3000)]
  0x0000000123362000 JavaThread "Bundle File Closer" daemon [_thread_blocked, id=63759, stack(0x0000700009d27000,0x0000700009e27000)]
  0x0000000100d6b000 JavaThread "EMF Reference Cleaner" daemon [_thread_blocked, id=60163, stack(0x0000700009c24000,0x0000700009d24000)]
  0x00000001023e1000 JavaThread "Worker-JM" [_thread_blocked, id=59651, stack(0x0000700009b21000,0x0000700009c21000)]
  0x0000000102322000 JavaThread "[Timer] - Main Queue Handler" daemon [_thread_blocked, id=59155, stack(0x0000700009a1e000,0x0000700009b1e000)]
  0x0000000100b55800 JavaThread "Start Level: Equinox Container: f0cb4ad1-8eec-0016-1bdf-d6f96be379a4" daemon [_thread_blocked, id=50191, stack(0x000070000960c000,0x000070000970c000)]
  0x00000001009cd000 JavaThread "Framework Event Dispatcher: org.eclipse.osgi.internal.framework.EquinoxEventPublisher@315ba14a" daemon [_thread_blocked, id=5383, stack(0x0000700009509000,0x0000700009609000)]
  0x0000000102189800 JavaThread "Active Thread: Equinox Container: f0cb4ad1-8eec-0016-1bdf-d6f96be379a4" [_thread_blocked, id=5127, stack(0x0000700007cbb000,0x0000700007dbb000)]
  0x0000000102081800 JavaThread "Service Thread" daemon [_thread_blocked, id=33027, stack(0x0000700009303000,0x0000700009403000)]
  0x000000010207f000 JavaThread "C1 CompilerThread2" daemon [_thread_blocked, id=32515, stack(0x0000700009200000,0x0000700009300000)]
  0x000000010208c800 JavaThread "C2 CompilerThread1" daemon [_thread_blocked, id=32003, stack(0x00007000090fd000,0x00007000091fd000)]
  0x00000001008d9000 JavaThread "C2 CompilerThread0" daemon [_thread_blocked, id=31491, stack(0x0000700008ffa000,0x00007000090fa000)]
  0x000000010208b800 JavaThread "Signal Dispatcher" daemon [_thread_blocked, id=30979, stack(0x0000700008ef7000,0x0000700008ff7000)]
  0x00000001008d5000 JavaThread "Surrogate Locker Thread (Concurrent GC)" daemon [_thread_blocked, id=30211, stack(0x0000700008df4000,0x0000700008ef4000)]
  0x0000000100903800 JavaThread "Finalizer" daemon [_thread_blocked, id=29187, stack(0x0000700008cf1000,0x0000700008df1000)]
  0x0000000100901000 JavaThread "Reference Handler" daemon [_thread_blocked, id=28675, stack(0x0000700008bee000,0x0000700008cee000)]
  0x0000000102040800 JavaThread "main" [_thread_in_native, id=775, stack(0x00007fff5f400000,0x00007fff5fc00000)]

Other Threads:
  0x00000001008fc800 VMThread [stack: 0x0000700008aeb000,0x0000700008beb000] [id=28163]
  0x0000000102082800 WatcherThread [stack: 0x0000700009406000,0x0000700009506000] [id=33539]

VM state:not at safepoint (normal execution)

VM Mutex/Monitor currently owned by a thread: None

Heap:
 garbage-first heap   total 263168K, used 133138K [0x0000000780000000, 0x0000000780100808, 0x00000007c0000000)
  region size 1024K, 31 young (31744K), 5 survivors (5120K)
 Metaspace       used 114189K, capacity 125052K, committed 125252K, reserved 1157120K
  class space    used 13694K, capacity 16927K, committed 17024K, reserved 1048576K

Heap Regions: (Y=young(eden), SU=young(survivor), HS=humongous(starts), HC=humongous(continues), CS=collection set, F=free, TS=gc time stamp, PTAMS=previous top-at-mark-start, NTAMS=next top-at-mark-start)
AC   0  O    TS     0 PTAMS 0x0000000780100000 NTAMS 0x0000000780100000 space 1024K, 100% used [0x0000000780000000, 0x0000000780100000)
AC   0  O    TS     0 PTAMS 0x0000000780200000 NTAMS 0x0000000780200000 space 1024K, 100% used [0x0000000780100000, 0x0000000780200000)
AC   0  O    TS     0 PTAMS 0x0000000780300000 NTAMS 0x0000000780300000 space 1024K, 100% used [0x0000000780200000, 0x0000000780300000)
AC   0  O    TS     0 PTAMS 0x0000000780400000 NTAMS 0x0000000780400000 space 1024K, 100% used [0x0000000780300000, 0x0000000780400000)
AC   0  O    TS     0 PTAMS 0x0000000780500000 NTAMS 0x0000000780500000 space 1024K, 100% used [0x0000000780400000, 0x0000000780500000)
AC   0  O    TS     0 PTAMS 0x0000000780600000 NTAMS 0x0000000780600000 space 1024K, 100% used [0x0000000780500000, 0x0000000780600000)
AC   0  O    TS     3 PTAMS 0x0000000780600000 NTAMS 0x0000000780600000 space 1024K, 100% used [0x0000000780600000, 0x0000000780700000)
AC   0  O    TS     0 PTAMS 0x0000000780800000 NTAMS 0x0000000780800000 space 1024K, 100% used [0x0000000780700000, 0x0000000780800000)
AC   0  O    TS     0 PTAMS 0x0000000780900000 NTAMS 0x0000000780900000 space 1024K, 100% used [0x0000000780800000, 0x0000000780900000)
AC   0  O    TS     0 PTAMS 0x0000000780a00000 NTAMS 0x0000000780a00000 space 1024K, 100% used [0x0000000780900000, 0x0000000780a00000)
AC   0  O    TS     0 PTAMS 0x0000000780b00000 NTAMS 0x0000000780b00000 space 1024K, 100% used [0x0000000780a00000, 0x0000000780b00000)
AC   0  O    TS     3 PTAMS 0x0000000780b00000 NTAMS 0x0000000780b00000 space 1024K, 100% used [0x0000000780b00000, 0x0000000780c00000)
AC   0  O    TS     0 PTAMS 0x0000000780d00000 NTAMS 0x0000000780d00000 space 1024K, 100% used [0x0000000780c00000, 0x0000000780d00000)
AC   0  O    TS     0 PTAMS 0x0000000780e00000 NTAMS 0x0000000780e00000 space 1024K, 100% used [0x0000000780d00000, 0x0000000780e00000)
AC   0  O    TS     0 PTAMS 0x0000000780f00000 NTAMS 0x0000000780f00000 space 1024K, 100% used [0x0000000780e00000, 0x0000000780f00000)
AC   0  O    TS     3 PTAMS 0x0000000780f00000 NTAMS 0x0000000780f00000 space 1024K, 100% used [0x0000000780f00000, 0x0000000781000000)
AC   0  O    TS     0 PTAMS 0x0000000781100000 NTAMS 0x0000000781100000 space 1024K, 100% used [0x0000000781000000, 0x0000000781100000)
AC   0  O    TS     0 PTAMS 0x0000000781200000 NTAMS 0x0000000781200000 space 1024K, 100% used [0x0000000781100000, 0x0000000781200000)
AC   0  O    TS     0 PTAMS 0x0000000781300000 NTAMS 0x0000000781300000 space 1024K, 100% used [0x0000000781200000, 0x0000000781300000)
AC   0  O    TS     0 PTAMS 0x0000000781400000 NTAMS 0x0000000781400000 space 1024K, 100% used [0x0000000781300000, 0x0000000781400000)
AC   0  O    TS     0 PTAMS 0x0000000781500000 NTAMS 0x0000000781500000 space 1024K, 100% used [0x0000000781400000, 0x0000000781500000)
AC   0  O    TS     0 PTAMS 0x0000000781600000 NTAMS 0x0000000781600000 space 1024K, 100% used [0x0000000781500000, 0x0000000781600000)
AC   0  O    TS     0 PTAMS 0x0000000781700000 NTAMS 0x0000000781700000 space 1024K, 100% used [0x0000000781600000, 0x0000000781700000)
AC   0  O    TS     0 PTAMS 0x0000000781800000 NTAMS 0x0000000781800000 space 1024K, 100% used [0x0000000781700000, 0x0000000781800000)
AC   0  O    TS     0 PTAMS 0x0000000781900000 NTAMS 0x0000000781900000 space 1024K, 100% used [0x0000000781800000, 0x0000000781900000)
AC   0  O    TS     0 PTAMS 0x0000000781a00000 NTAMS 0x0000000781a00000 space 1024K, 100% used [0x0000000781900000, 0x0000000781a00000)
AC   0  O    TS     0 PTAMS 0x0000000781b00000 NTAMS 0x0000000781b00000 space 1024K, 100% used [0x0000000781a00000, 0x0000000781b00000)
AC   0  O    TS     0 PTAMS 0x0000000781c00000 NTAMS 0x0000000781c00000 space 1024K, 100% used [0x0000000781b00000, 0x0000000781c00000)
AC   0  O    TS     0 PTAMS 0x0000000781d00000 NTAMS 0x0000000781d00000 space 1024K, 100% used [0x0000000781c00000, 0x0000000781d00000)
AC   0  O    TS     5 PTAMS 0x0000000781d00000 NTAMS 0x0000000781d00000 space 1024K, 100% used [0x0000000781d00000, 0x0000000781e00000)
AC   0  O    TS     5 PTAMS 0x0000000781e00000 NTAMS 0x0000000781e00000 space 1024K, 100% used [0x0000000781e00000, 0x0000000781f00000)
AC   0  O    TS     5 PTAMS 0x0000000781f00000 NTAMS 0x0000000781f00000 space 1024K, 100% used [0x0000000781f00000, 0x0000000782000000)
AC   0  O    TS     5 PTAMS 0x0000000782000000 NTAMS 0x0000000782000000 space 1024K, 100% used [0x0000000782000000, 0x0000000782100000)
AC   0  O    TS    35 PTAMS 0x0000000782100000 NTAMS 0x0000000782100000 space 1024K, 100% used [0x0000000782100000, 0x0000000782200000)
AC   0  O    TS    43 PTAMS 0x0000000782200000 NTAMS 0x0000000782200000 space 1024K, 100% used [0x0000000782200000, 0x0000000782300000)
AC   0  O    TS    55 PTAMS 0x0000000782300000 NTAMS 0x0000000782300000 space 1024K, 100% used [0x0000000782300000, 0x0000000782400000)
AC   0  O    TS    71 PTAMS 0x0000000782400000 NTAMS 0x0000000782400000 space 1024K, 100% used [0x0000000782400000, 0x0000000782500000)
AC   0  O    TS    89 PTAMS 0x0000000782500000 NTAMS 0x0000000782500000 space 1024K, 100% used [0x0000000782500000, 0x0000000782600000)
AC   0  O    TS     0 PTAMS 0x0000000782700000 NTAMS 0x0000000782700000 space 1024K, 100% used [0x0000000782600000, 0x0000000782700000)
AC   0  O    TS   109 PTAMS 0x0000000782700000 NTAMS 0x0000000782700000 space 1024K, 100% used [0x0000000782700000, 0x0000000782800000)
AC   0  O    TS   109 PTAMS 0x0000000782800000 NTAMS 0x0000000782800000 space 1024K, 100% used [0x0000000782800000, 0x0000000782900000)
AC   0  O    TS     0 PTAMS 0x0000000782a00000 NTAMS 0x0000000782a00000 space 1024K, 100% used [0x0000000782900000, 0x0000000782a00000)
AC   0  O    TS   111 PTAMS 0x0000000782a00000 NTAMS 0x0000000782a00000 space 1024K, 100% used [0x0000000782a00000, 0x0000000782b00000)
AC   0  O    TS     0 PTAMS 0x0000000782c00000 NTAMS 0x0000000782c00000 space 1024K, 100% used [0x0000000782b00000, 0x0000000782c00000)
AC   0  O    TS     0 PTAMS 0x0000000782d00000 NTAMS 0x0000000782d00000 space 1024K, 100% used [0x0000000782c00000, 0x0000000782d00000)
AC   0  O    TS     0 PTAMS 0x0000000782e00000 NTAMS 0x0000000782e00000 space 1024K, 100% used [0x0000000782d00000, 0x0000000782e00000)
AC   0  O    TS     0 PTAMS 0x0000000782f00000 NTAMS 0x0000000782f00000 space 1024K, 100% used [0x0000000782e00000, 0x0000000782f00000)
AC   0  O    TS     3 PTAMS 0x0000000782f80200 NTAMS 0x0000000782f80200 space 1024K, 100% used [0x0000000782f00000, 0x0000000783000000)
AC   0  O    TS   111 PTAMS 0x0000000783000000 NTAMS 0x0000000783000000 space 1024K, 100% used [0x0000000783000000, 0x0000000783100000)
AC   0  O    TS   113 PTAMS 0x0000000783100000 NTAMS 0x0000000783100000 space 1024K, 100% used [0x0000000783100000, 0x0000000783200000)
AC   0  O    TS   119 PTAMS 0x0000000783200000 NTAMS 0x0000000783200000 space 1024K, 100% used [0x0000000783200000, 0x0000000783300000)
AC   0  O    TS   131 PTAMS 0x0000000783300000 NTAMS 0x0000000783300000 space 1024K, 100% used [0x0000000783300000, 0x0000000783400000)
AC   0  O    TS   133 PTAMS 0x0000000783400000 NTAMS 0x0000000783400000 space 1024K, 100% used [0x0000000783400000, 0x0000000783500000)
AC   0  O    TS     0 PTAMS 0x0000000783600000 NTAMS 0x0000000783600000 space 1024K, 100% used [0x0000000783500000, 0x0000000783600000)
AC   0  O    TS     0 PTAMS 0x0000000783700000 NTAMS 0x0000000783700000 space 1024K, 100% used [0x0000000783600000, 0x0000000783700000)
AC   0  O    TS     0 PTAMS 0x0000000783800000 NTAMS 0x0000000783800000 space 1024K, 100% used [0x0000000783700000, 0x0000000783800000)
AC   0  O    TS     0 PTAMS 0x0000000783900000 NTAMS 0x0000000783900000 space 1024K, 100% used [0x0000000783800000, 0x0000000783900000)
AC   0  O    TS     0 PTAMS 0x0000000783a00000 NTAMS 0x0000000783a00000 space 1024K, 100% used [0x0000000783900000, 0x0000000783a00000)
AC   0  O    TS     0 PTAMS 0x0000000783b00000 NTAMS 0x0000000783b00000 space 1024K, 100% used [0x0000000783a00000, 0x0000000783b00000)
AC   0  O    TS     0 PTAMS 0x0000000783c00000 NTAMS 0x0000000783c00000 space 1024K, 100% used [0x0000000783b00000, 0x0000000783c00000)
AC   0  O    TS     0 PTAMS 0x0000000783d00000 NTAMS 0x0000000783d00000 space 1024K, 100% used [0x0000000783c00000, 0x0000000783d00000)
AC   0  O    TS     0 PTAMS 0x0000000783e00000 NTAMS 0x0000000783e00000 space 1024K, 100% used [0x0000000783d00000, 0x0000000783e00000)
AC   0  O    TS     0 PTAMS 0x0000000783f00000 NTAMS 0x0000000783f00000 space 1024K, 100% used [0x0000000783e00000, 0x0000000783f00000)
AC   0  O    TS     0 PTAMS 0x0000000784000000 NTAMS 0x0000000784000000 space 1024K, 100% used [0x0000000783f00000, 0x0000000784000000)
AC   0  O    TS     0 PTAMS 0x0000000784100000 NTAMS 0x0000000784100000 space 1024K, 100% used [0x0000000784000000, 0x0000000784100000)
AC   0  O    TS     0 PTAMS 0x0000000784200000 NTAMS 0x0000000784200000 space 1024K, 100% used [0x0000000784100000, 0x0000000784200000)
AC   0  O    TS     0 PTAMS 0x0000000784300000 NTAMS 0x0000000784300000 space 1024K, 100% used [0x0000000784200000, 0x0000000784300000)
AC   0  O    TS     0 PTAMS 0x0000000784400000 NTAMS 0x0000000784400000 space 1024K, 100% used [0x0000000784300000, 0x0000000784400000)
AC   0  O    TS     0 PTAMS 0x0000000784500000 NTAMS 0x0000000784500000 space 1024K, 100% used [0x0000000784400000, 0x0000000784500000)
AC   0  O    TS     0 PTAMS 0x0000000784600000 NTAMS 0x0000000784600000 space 1024K, 100% used [0x0000000784500000, 0x0000000784600000)
AC   0  O    TS   145 PTAMS 0x0000000784600000 NTAMS 0x0000000784600000 space 1024K, 100% used [0x0000000784600000, 0x0000000784700000)
AC   0  O    TS     0 PTAMS 0x0000000784800000 NTAMS 0x0000000784800000 space 1024K, 100% used [0x0000000784700000, 0x0000000784800000)
AC   0  O    TS     0 PTAMS 0x0000000784900000 NTAMS 0x0000000784900000 space 1024K, 100% used [0x0000000784800000, 0x0000000784900000)
AC   0  O    TS     0 PTAMS 0x0000000784a00000 NTAMS 0x0000000784a00000 space 1024K, 100% used [0x0000000784900000, 0x0000000784a00000)
AC   0  O    TS     0 PTAMS 0x0000000784b00000 NTAMS 0x0000000784b00000 space 1024K, 100% used [0x0000000784a00000, 0x0000000784b00000)
AC   0  O    TS     0 PTAMS 0x0000000784c00000 NTAMS 0x0000000784c00000 space 1024K, 100% used [0x0000000784b00000, 0x0000000784c00000)
AC   0  O    TS     0 PTAMS 0x0000000784d00000 NTAMS 0x0000000784d00000 space 1024K, 100% used [0x0000000784c00000, 0x0000000784d00000)
AC   0  O    TS     0 PTAMS 0x0000000784e00000 NTAMS 0x0000000784e00000 space 1024K, 100% used [0x0000000784d00000, 0x0000000784e00000)
AC   0  O    TS     0 PTAMS 0x0000000784f00000 NTAMS 0x0000000784f00000 space 1024K, 100% used [0x0000000784e00000, 0x0000000784f00000)
AC   0  O    TS     0 PTAMS 0x0000000785000000 NTAMS 0x0000000785000000 space 1024K, 100% used [0x0000000784f00000, 0x0000000785000000)
AC   0  O    TS     0 PTAMS 0x0000000785100000 NTAMS 0x0000000785100000 space 1024K, 100% used [0x0000000785000000, 0x0000000785100000)
AC   0  O    TS     0 PTAMS 0x0000000785200000 NTAMS 0x0000000785200000 space 1024K, 100% used [0x0000000785100000, 0x0000000785200000)
AC   0  O    TS   147 PTAMS 0x0000000785200000 NTAMS 0x0000000785200000 space 1024K, 100% used [0x0000000785200000, 0x0000000785300000)
AC   0  O    TS   149 PTAMS 0x0000000785300000 NTAMS 0x0000000785300000 space 1024K, 100% used [0x0000000785300000, 0x0000000785400000)
AC   0  O    TS   153 PTAMS 0x0000000785400000 NTAMS 0x0000000785400000 space 1024K, 100% used [0x0000000785400000, 0x0000000785500000)
AC   0  O    TS   173 PTAMS 0x0000000785500000 NTAMS 0x0000000785500000 space 1024K, 100% used [0x0000000785500000, 0x0000000785600000)
AC   0  O    TS   177 PTAMS 0x0000000785600000 NTAMS 0x0000000785600000 space 1024K, 100% used [0x0000000785600000, 0x0000000785700000)
AC   0  O    TS   197 PTAMS 0x0000000785700000 NTAMS 0x0000000785700000 space 1024K, 100% used [0x0000000785700000, 0x0000000785800000)
AC   0  O    TS   215 PTAMS 0x0000000785800000 NTAMS 0x0000000785800000 space 1024K, 100% used [0x0000000785800000, 0x0000000785900000)
AC   0  O    TS   233 PTAMS 0x0000000785900000 NTAMS 0x0000000785900000 space 1024K,  63% used [0x0000000785900000, 0x0000000785a00000)
AC   0  F    TS     0 PTAMS 0x0000000785a00000 NTAMS 0x0000000785a00000 space 1024K,   0% used [0x0000000785a00000, 0x0000000785b00000)
AC   0  F    TS     0 PTAMS 0x0000000785b00000 NTAMS 0x0000000785b00000 space 1024K,   0% used [0x0000000785b00000, 0x0000000785c00000)
AC   0  F    TS    27 PTAMS 0x0000000785c00000 NTAMS 0x0000000785c00000 space 1024K,   0% used [0x0000000785c00000, 0x0000000785d00000)
AC   0  F    TS    31 PTAMS 0x0000000785d00000 NTAMS 0x0000000785d00000 space 1024K,   0% used [0x0000000785d00000, 0x0000000785e00000)
AC   0  F    TS    35 PTAMS 0x0000000785e00000 NTAMS 0x0000000785e00000 space 1024K,   0% used [0x0000000785e00000, 0x0000000785f00000)
AC   0  O    TS     0 PTAMS 0x0000000786000000 NTAMS 0x0000000786000000 space 1024K, 100% used [0x0000000785f00000, 0x0000000786000000)
AC   0  O    TS     0 PTAMS 0x0000000786100000 NTAMS 0x0000000786100000 space 1024K, 100% used [0x0000000786000000, 0x0000000786100000)
AC   0  F    TS    51 PTAMS 0x0000000786100000 NTAMS 0x0000000786100000 space 1024K,   0% used [0x0000000786100000, 0x0000000786200000)
AC   0  F    TS    51 PTAMS 0x0000000786200000 NTAMS 0x0000000786200000 space 1024K,   0% used [0x0000000786200000, 0x0000000786300000)
AC   0  F    TS    69 PTAMS 0x0000000786300000 NTAMS 0x0000000786300000 space 1024K,   0% used [0x0000000786300000, 0x0000000786400000)
AC   0  F    TS   101 PTAMS 0x0000000786400000 NTAMS 0x0000000786400000 space 1024K,   0% used [0x0000000786400000, 0x0000000786500000)
AC   0  F    TS   101 PTAMS 0x0000000786500000 NTAMS 0x0000000786500000 space 1024K,   0% used [0x0000000786500000, 0x0000000786600000)
AC   0  F    TS   105 PTAMS 0x0000000786600000 NTAMS 0x0000000786600000 space 1024K,   0% used [0x0000000786600000, 0x0000000786700000)
AC   0  F    TS   105 PTAMS 0x0000000786700000 NTAMS 0x0000000786700000 space 1024K,   0% used [0x0000000786700000, 0x0000000786800000)
AC   0  F    TS   109 PTAMS 0x0000000786800000 NTAMS 0x0000000786800000 space 1024K,   0% used [0x0000000786800000, 0x0000000786900000)
AC   0  F    TS   127 PTAMS 0x0000000786900000 NTAMS 0x0000000786900000 space 1024K,   0% used [0x0000000786900000, 0x0000000786a00000)
AC   0  F    TS   127 PTAMS 0x0000000786a00000 NTAMS 0x0000000786a00000 space 1024K,   0% used [0x0000000786a00000, 0x0000000786b00000)
AC   0  F    TS   133 PTAMS 0x0000000786b00000 NTAMS 0x0000000786b00000 space 1024K,   0% used [0x0000000786b00000, 0x0000000786c00000)
AC   0  F    TS   133 PTAMS 0x0000000786c00000 NTAMS 0x0000000786c00000 space 1024K,   0% used [0x0000000786c00000, 0x0000000786d00000)
AC   0  F    TS   141 PTAMS 0x0000000786d00000 NTAMS 0x0000000786d00000 space 1024K,   0% used [0x0000000786d00000, 0x0000000786e00000)
AC   0  F    TS   141 PTAMS 0x0000000786e00000 NTAMS 0x0000000786e00000 space 1024K,   0% used [0x0000000786e00000, 0x0000000786f00000)
AC   0  F    TS   145 PTAMS 0x0000000786f00000 NTAMS 0x0000000786f00000 space 1024K,   0% used [0x0000000786f00000, 0x0000000787000000)
AC   0  F    TS   185 PTAMS 0x0000000787000000 NTAMS 0x0000000787000000 space 1024K,   0% used [0x0000000787000000, 0x0000000787100000)
AC   0  F    TS   185 PTAMS 0x0000000787100000 NTAMS 0x0000000787100000 space 1024K,   0% used [0x0000000787100000, 0x0000000787200000)
AC   0  F    TS   191 PTAMS 0x0000000787200000 NTAMS 0x0000000787200000 space 1024K,   0% used [0x0000000787200000, 0x0000000787300000)
AC   0  F    TS   207 PTAMS 0x0000000787300000 NTAMS 0x0000000787300000 space 1024K,   0% used [0x0000000787300000, 0x0000000787400000)
AC   0  S CS TS   233 PTAMS 0x0000000787400000 NTAMS 0x0000000787400000 space 1024K,  38% used [0x0000000787400000, 0x0000000787500000)
AC   0  S CS TS   233 PTAMS 0x0000000787500000 NTAMS 0x0000000787500000 space 1024K, 100% used [0x0000000787500000, 0x0000000787600000)
AC   0  S CS TS   233 PTAMS 0x0000000787600000 NTAMS 0x0000000787600000 space 1024K, 100% used [0x0000000787600000, 0x0000000787700000)
AC   0  F    TS   231 PTAMS 0x0000000787700000 NTAMS 0x0000000787700000 space 1024K,   0% used [0x0000000787700000, 0x0000000787800000)
AC   0  F    TS   231 PTAMS 0x0000000787800000 NTAMS 0x0000000787800000 space 1024K,   0% used [0x0000000787800000, 0x0000000787900000)
AC   0  O    TS     0 PTAMS 0x0000000787a00000 NTAMS 0x0000000787a00000 space 1024K, 100% used [0x0000000787900000, 0x0000000787a00000)
AC   0  O    TS     0 PTAMS 0x0000000787b00000 NTAMS 0x0000000787b00000 space 1024K, 100% used [0x0000000787a00000, 0x0000000787b00000)
AC   0  F    TS   231 PTAMS 0x0000000787b00000 NTAMS 0x0000000787b00000 space 1024K,   0% used [0x0000000787b00000, 0x0000000787c00000)
AC   0  S CS TS   233 PTAMS 0x0000000787c00000 NTAMS 0x0000000787c00000 space 1024K, 100% used [0x0000000787c00000, 0x0000000787d00000)
AC   0  S CS TS   233 PTAMS 0x0000000787d00000 NTAMS 0x0000000787d00000 space 1024K, 100% used [0x0000000787d00000, 0x0000000787e00000)
AC   0  F    TS   229 PTAMS 0x0000000787e00000 NTAMS 0x0000000787e00000 space 1024K,   0% used [0x0000000787e00000, 0x0000000787f00000)
AC   0  O    TS     0 PTAMS 0x0000000788000000 NTAMS 0x0000000788000000 space 1024K, 100% used [0x0000000787f00000, 0x0000000788000000)
AC   0  O    TS     0 PTAMS 0x0000000788100000 NTAMS 0x0000000788100000 space 1024K, 100% used [0x0000000788000000, 0x0000000788100000)
AC   0  F    TS   227 PTAMS 0x0000000788100000 NTAMS 0x0000000788100000 space 1024K,   0% used [0x0000000788100000, 0x0000000788200000)
AC   0  F    TS   227 PTAMS 0x0000000788200000 NTAMS 0x0000000788200000 space 1024K,   0% used [0x0000000788200000, 0x0000000788300000)
AC   0  F    TS   229 PTAMS 0x0000000788300000 NTAMS 0x0000000788300000 space 1024K,   0% used [0x0000000788300000, 0x0000000788400000)
AC   0  F    TS   203 PTAMS 0x0000000788400000 NTAMS 0x0000000788400000 space 1024K,   0% used [0x0000000788400000, 0x0000000788500000)
AC   0  O    TS     0 PTAMS 0x0000000788600000 NTAMS 0x0000000788600000 space 1024K, 100% used [0x0000000788500000, 0x0000000788600000)
AC   0  F    TS   187 PTAMS 0x0000000788600000 NTAMS 0x0000000788600000 space 1024K,   0% used [0x0000000788600000, 0x0000000788700000)
AC   0  O    TS     0 PTAMS 0x0000000788800000 NTAMS 0x0000000788800000 space 1024K, 100% used [0x0000000788700000, 0x0000000788800000)
AC   0  O    TS     0 PTAMS 0x0000000788900000 NTAMS 0x0000000788900000 space 1024K, 100% used [0x0000000788800000, 0x0000000788900000)
AC   0  O    TS     0 PTAMS 0x0000000788a00000 NTAMS 0x0000000788a00000 space 1024K, 100% used [0x0000000788900000, 0x0000000788a00000)
AC   0  O    TS     0 PTAMS 0x0000000788b00000 NTAMS 0x0000000788b00000 space 1024K, 100% used [0x0000000788a00000, 0x0000000788b00000)
AC   0  F    TS   187 PTAMS 0x0000000788b00000 NTAMS 0x0000000788b00000 space 1024K,   0% used [0x0000000788b00000, 0x0000000788c00000)
AC   0  F    TS   187 PTAMS 0x0000000788c00000 NTAMS 0x0000000788c00000 space 1024K,   0% used [0x0000000788c00000, 0x0000000788d00000)
AC   0  F    TS     0 PTAMS 0x0000000788d00000 NTAMS 0x0000000788d00000 space 1024K,   0% used [0x0000000788d00000, 0x0000000788e00000)
AC   0  F    TS     0 PTAMS 0x0000000788e00000 NTAMS 0x0000000788e00000 space 1024K,   0% used [0x0000000788e00000, 0x0000000788f00000)
AC   0  F    TS     0 PTAMS 0x0000000788f00000 NTAMS 0x0000000788f00000 space 1024K,   0% used [0x0000000788f00000, 0x0000000789000000)
AC   0  F    TS     0 PTAMS 0x0000000789000000 NTAMS 0x0000000789000000 space 1024K,   0% used [0x0000000789000000, 0x0000000789100000)
AC   0  F    TS     0 PTAMS 0x0000000789100000 NTAMS 0x0000000789100000 space 1024K,   0% used [0x0000000789100000, 0x0000000789200000)
AC   0  F    TS     0 PTAMS 0x0000000789200000 NTAMS 0x0000000789200000 space 1024K,   0% used [0x0000000789200000, 0x0000000789300000)
AC   0  F    TS     0 PTAMS 0x0000000789300000 NTAMS 0x0000000789300000 space 1024K,   0% used [0x0000000789300000, 0x0000000789400000)
AC   0  F    TS     0 PTAMS 0x0000000789400000 NTAMS 0x0000000789400000 space 1024K,   0% used [0x0000000789400000, 0x0000000789500000)
AC   0  F    TS     0 PTAMS 0x0000000789500000 NTAMS 0x0000000789500000 space 1024K,   0% used [0x0000000789500000, 0x0000000789600000)
AC   0  F    TS     0 PTAMS 0x0000000789600000 NTAMS 0x0000000789600000 space 1024K,   0% used [0x0000000789600000, 0x0000000789700000)
AC   0  F    TS     0 PTAMS 0x0000000789700000 NTAMS 0x0000000789700000 space 1024K,   0% used [0x0000000789700000, 0x0000000789800000)
AC   0  F    TS     0 PTAMS 0x0000000789800000 NTAMS 0x0000000789800000 space 1024K,   0% used [0x0000000789800000, 0x0000000789900000)
AC   0  F    TS     0 PTAMS 0x0000000789900000 NTAMS 0x0000000789900000 space 1024K,   0% used [0x0000000789900000, 0x0000000789a00000)
AC   0  F    TS     0 PTAMS 0x0000000789a00000 NTAMS 0x0000000789a00000 space 1024K,   0% used [0x0000000789a00000, 0x0000000789b00000)
AC   0  F    TS     0 PTAMS 0x0000000789b00000 NTAMS 0x0000000789b00000 space 1024K,   0% used [0x0000000789b00000, 0x0000000789c00000)
AC   0  F    TS     0 PTAMS 0x0000000789c00000 NTAMS 0x0000000789c00000 space 1024K,   0% used [0x0000000789c00000, 0x0000000789d00000)
AC   0  F    TS     0 PTAMS 0x0000000789d00000 NTAMS 0x0000000789d00000 space 1024K,   0% used [0x0000000789d00000, 0x0000000789e00000)
AC   0  F    TS     0 PTAMS 0x0000000789e00000 NTAMS 0x0000000789e00000 space 1024K,   0% used [0x0000000789e00000, 0x0000000789f00000)
AC   0  F    TS     0 PTAMS 0x0000000789f00000 NTAMS 0x0000000789f00000 space 1024K,   0% used [0x0000000789f00000, 0x000000078a000000)
AC   0  F    TS     1 PTAMS 0x000000078a000000 NTAMS 0x000000078a000000 space 1024K,   0% used [0x000000078a000000, 0x000000078a100000)
AC   0  F    TS     1 PTAMS 0x000000078a100000 NTAMS 0x000000078a100000 space 1024K,   0% used [0x000000078a100000, 0x000000078a200000)
AC   0  F    TS     1 PTAMS 0x000000078a200000 NTAMS 0x000000078a200000 space 1024K,   0% used [0x000000078a200000, 0x000000078a300000)
AC   0  F    TS     1 PTAMS 0x000000078a300000 NTAMS 0x000000078a300000 space 1024K,   0% used [0x000000078a300000, 0x000000078a400000)
AC   0  F    TS     1 PTAMS 0x000000078a400000 NTAMS 0x000000078a400000 space 1024K,   0% used [0x000000078a400000, 0x000000078a500000)
AC   0  F    TS     0 PTAMS 0x000000078a500000 NTAMS 0x000000078a500000 space 1024K,   0% used [0x000000078a500000, 0x000000078a600000)
AC   0  F    TS     0 PTAMS 0x000000078a600000 NTAMS 0x000000078a600000 space 1024K,   0% used [0x000000078a600000, 0x000000078a700000)
AC   0  F    TS     1 PTAMS 0x000000078a700000 NTAMS 0x000000078a700000 space 1024K,   0% used [0x000000078a700000, 0x000000078a800000)
AC   0  F    TS     0 PTAMS 0x000000078a800000 NTAMS 0x000000078a800000 space 1024K,   0% used [0x000000078a800000, 0x000000078a900000)
AC   0  F    TS     0 PTAMS 0x000000078a900000 NTAMS 0x000000078a900000 space 1024K,   0% used [0x000000078a900000, 0x000000078aa00000)
AC   0  F    TS     0 PTAMS 0x000000078aa00000 NTAMS 0x000000078aa00000 space 1024K,   0% used [0x000000078aa00000, 0x000000078ab00000)
AC   0  F    TS     0 PTAMS 0x000000078ab00000 NTAMS 0x000000078ab00000 space 1024K,   0% used [0x000000078ab00000, 0x000000078ac00000)
AC   0  F    TS     0 PTAMS 0x000000078ac00000 NTAMS 0x000000078ac00000 space 1024K,   0% used [0x000000078ac00000, 0x000000078ad00000)
AC   0  F    TS     0 PTAMS 0x000000078ad00000 NTAMS 0x000000078ad00000 space 1024K,   0% used [0x000000078ad00000, 0x000000078ae00000)
AC   0  F    TS     0 PTAMS 0x000000078ae00000 NTAMS 0x000000078ae00000 space 1024K,   0% used [0x000000078ae00000, 0x000000078af00000)
AC   0  F    TS     0 PTAMS 0x000000078af00000 NTAMS 0x000000078af00000 space 1024K,   0% used [0x000000078af00000, 0x000000078b000000)
AC   0  F    TS     0 PTAMS 0x000000078b000000 NTAMS 0x000000078b000000 space 1024K,   0% used [0x000000078b000000, 0x000000078b100000)
AC   0  F    TS     0 PTAMS 0x000000078b100000 NTAMS 0x000000078b100000 space 1024K,   0% used [0x000000078b100000, 0x000000078b200000)
AC   0  F    TS     0 PTAMS 0x000000078b200000 NTAMS 0x000000078b200000 space 1024K,   0% used [0x000000078b200000, 0x000000078b300000)
AC   0  F    TS     0 PTAMS 0x000000078b300000 NTAMS 0x000000078b300000 space 1024K,   0% used [0x000000078b300000, 0x000000078b400000)
AC   0  F    TS     0 PTAMS 0x000000078b400000 NTAMS 0x000000078b400000 space 1024K,   0% used [0x000000078b400000, 0x000000078b500000)
AC   0  F    TS     0 PTAMS 0x000000078b500000 NTAMS 0x000000078b500000 space 1024K,   0% used [0x000000078b500000, 0x000000078b600000)
AC   0  F    TS     0 PTAMS 0x000000078b600000 NTAMS 0x000000078b600000 space 1024K,   0% used [0x000000078b600000, 0x000000078b700000)
AC   0  F    TS     0 PTAMS 0x000000078b700000 NTAMS 0x000000078b700000 space 1024K,   0% used [0x000000078b700000, 0x000000078b800000)
AC   0  F    TS     0 PTAMS 0x000000078b800000 NTAMS 0x000000078b800000 space 1024K,   0% used [0x000000078b800000, 0x000000078b900000)
AC   0  F    TS     0 PTAMS 0x000000078b900000 NTAMS 0x000000078b900000 space 1024K,   0% used [0x000000078b900000, 0x000000078ba00000)
AC   0  F    TS     0 PTAMS 0x000000078ba00000 NTAMS 0x000000078ba00000 space 1024K,   0% used [0x000000078ba00000, 0x000000078bb00000)
AC   0  F    TS     0 PTAMS 0x000000078bb00000 NTAMS 0x000000078bb00000 space 1024K,   0% used [0x000000078bb00000, 0x000000078bc00000)
AC   0  F    TS     0 PTAMS 0x000000078bc00000 NTAMS 0x000000078bc00000 space 1024K,   0% used [0x000000078bc00000, 0x000000078bd00000)
AC   0  F    TS     0 PTAMS 0x000000078bd00000 NTAMS 0x000000078bd00000 space 1024K,   0% used [0x000000078bd00000, 0x000000078be00000)
AC   0  F    TS     0 PTAMS 0x000000078be00000 NTAMS 0x000000078be00000 space 1024K,   0% used [0x000000078be00000, 0x000000078bf00000)
AC   0  F    TS     0 PTAMS 0x000000078bf00000 NTAMS 0x000000078bf00000 space 1024K,   0% used [0x000000078bf00000, 0x000000078c000000)
AC   0  F    TS     0 PTAMS 0x000000078c000000 NTAMS 0x000000078c000000 space 1024K,   0% used [0x000000078c000000, 0x000000078c100000)
AC   0  F    TS     0 PTAMS 0x000000078c100000 NTAMS 0x000000078c100000 space 1024K,   0% used [0x000000078c100000, 0x000000078c200000)
AC   0  F    TS     0 PTAMS 0x000000078c200000 NTAMS 0x000000078c200000 space 1024K,   0% used [0x000000078c200000, 0x000000078c300000)
AC   0  F    TS     0 PTAMS 0x000000078c300000 NTAMS 0x000000078c300000 space 1024K,   0% used [0x000000078c300000, 0x000000078c400000)
AC   0  F    TS     0 PTAMS 0x000000078c400000 NTAMS 0x000000078c400000 space 1024K,   0% used [0x000000078c400000, 0x000000078c500000)
AC   0  F    TS     0 PTAMS 0x000000078c500000 NTAMS 0x000000078c500000 space 1024K,   0% used [0x000000078c500000, 0x000000078c600000)
AC   0  F    TS     0 PTAMS 0x000000078c600000 NTAMS 0x000000078c600000 space 1024K,   0% used [0x000000078c600000, 0x000000078c700000)
AC   0  F    TS     0 PTAMS 0x000000078c700000 NTAMS 0x000000078c700000 space 1024K,   0% used [0x000000078c700000, 0x000000078c800000)
AC   0  F    TS     0 PTAMS 0x000000078c800000 NTAMS 0x000000078c800000 space 1024K,   0% used [0x000000078c800000, 0x000000078c900000)
AC   0  F    TS     0 PTAMS 0x000000078c900000 NTAMS 0x000000078c900000 space 1024K,   0% used [0x000000078c900000, 0x000000078ca00000)
AC   0  F    TS     0 PTAMS 0x000000078ca00000 NTAMS 0x000000078ca00000 space 1024K,   0% used [0x000000078ca00000, 0x000000078cb00000)
AC   0  F    TS     0 PTAMS 0x000000078cb00000 NTAMS 0x000000078cb00000 space 1024K,   0% used [0x000000078cb00000, 0x000000078cc00000)
AC   0  F    TS     0 PTAMS 0x000000078cc00000 NTAMS 0x000000078cc00000 space 1024K,   0% used [0x000000078cc00000, 0x000000078cd00000)
AC   0  F    TS     0 PTAMS 0x000000078cd00000 NTAMS 0x000000078cd00000 space 1024K,   0% used [0x000000078cd00000, 0x000000078ce00000)
AC   0  F    TS     0 PTAMS 0x000000078ce00000 NTAMS 0x000000078ce00000 space 1024K,   0% used [0x000000078ce00000, 0x000000078cf00000)
AC   0  F    TS     0 PTAMS 0x000000078cf00000 NTAMS 0x000000078cf00000 space 1024K,   0% used [0x000000078cf00000, 0x000000078d000000)
AC   0  F    TS     0 PTAMS 0x000000078d000000 NTAMS 0x000000078d000000 space 1024K,   0% used [0x000000078d000000, 0x000000078d100000)
AC   0  F    TS     0 PTAMS 0x000000078d100000 NTAMS 0x000000078d100000 space 1024K,   0% used [0x000000078d100000, 0x000000078d200000)
AC   0  F    TS     0 PTAMS 0x000000078d200000 NTAMS 0x000000078d200000 space 1024K,   0% used [0x000000078d200000, 0x000000078d300000)
AC   0  F    TS     0 PTAMS 0x000000078d300000 NTAMS 0x000000078d300000 space 1024K,   0% used [0x000000078d300000, 0x000000078d400000)
AC   0  F    TS     0 PTAMS 0x000000078d400000 NTAMS 0x000000078d400000 space 1024K,   0% used [0x000000078d400000, 0x000000078d500000)
AC   0  F    TS     0 PTAMS 0x000000078d500000 NTAMS 0x000000078d500000 space 1024K,   0% used [0x000000078d500000, 0x000000078d600000)
AC   0  F    TS     0 PTAMS 0x000000078d600000 NTAMS 0x000000078d600000 space 1024K,   0% used [0x000000078d600000, 0x000000078d700000)
AC   0  F    TS     0 PTAMS 0x000000078d700000 NTAMS 0x000000078d700000 space 1024K,   0% used [0x000000078d700000, 0x000000078d800000)
AC   0  F    TS     0 PTAMS 0x000000078d800000 NTAMS 0x000000078d800000 space 1024K,   0% used [0x000000078d800000, 0x000000078d900000)
AC   0  F    TS     0 PTAMS 0x000000078d900000 NTAMS 0x000000078d900000 space 1024K,   0% used [0x000000078d900000, 0x000000078da00000)
AC   0  F    TS     0 PTAMS 0x000000078da00000 NTAMS 0x000000078da00000 space 1024K,   0% used [0x000000078da00000, 0x000000078db00000)
AC   0  F    TS     0 PTAMS 0x000000078db00000 NTAMS 0x000000078db00000 space 1024K,   0% used [0x000000078db00000, 0x000000078dc00000)
AC   0  F    TS     0 PTAMS 0x000000078dc00000 NTAMS 0x000000078dc00000 space 1024K,   0% used [0x000000078dc00000, 0x000000078dd00000)
AC   0  F    TS     0 PTAMS 0x000000078dd00000 NTAMS 0x000000078dd00000 space 1024K,   0% used [0x000000078dd00000, 0x000000078de00000)
AC   0  F    TS     0 PTAMS 0x000000078de00000 NTAMS 0x000000078de00000 space 1024K,   0% used [0x000000078de00000, 0x000000078df00000)
AC   0  F    TS     0 PTAMS 0x000000078df00000 NTAMS 0x000000078df00000 space 1024K,   0% used [0x000000078df00000, 0x000000078e000000)
AC   0  F    TS     0 PTAMS 0x000000078e000000 NTAMS 0x000000078e000000 space 1024K,   0% used [0x000000078e000000, 0x000000078e100000)
AC   0  F    TS     0 PTAMS 0x000000078e100000 NTAMS 0x000000078e100000 space 1024K,   0% used [0x000000078e100000, 0x000000078e200000)
AC   0  F    TS     0 PTAMS 0x000000078e200000 NTAMS 0x000000078e200000 space 1024K,   0% used [0x000000078e200000, 0x000000078e300000)
AC   0  F    TS     0 PTAMS 0x000000078e300000 NTAMS 0x000000078e300000 space 1024K,   0% used [0x000000078e300000, 0x000000078e400000)
AC   0  F    TS     0 PTAMS 0x000000078e400000 NTAMS 0x000000078e400000 space 1024K,   0% used [0x000000078e400000, 0x000000078e500000)
AC   0  F    TS     0 PTAMS 0x000000078e500000 NTAMS 0x000000078e500000 space 1024K,   0% used [0x000000078e500000, 0x000000078e600000)
AC   0  F    TS     0 PTAMS 0x000000078e600000 NTAMS 0x000000078e600000 space 1024K,   0% used [0x000000078e600000, 0x000000078e700000)
AC   0  E    TS     0 PTAMS 0x000000078e700000 NTAMS 0x000000078e700000 space 1024K,  65% used [0x000000078e700000, 0x000000078e800000)
AC   0  E CS TS     0 PTAMS 0x000000078e800000 NTAMS 0x000000078e800000 space 1024K, 100% used [0x000000078e800000, 0x000000078e900000)
AC   0  E CS TS     0 PTAMS 0x000000078e900000 NTAMS 0x000000078e900000 space 1024K, 100% used [0x000000078e900000, 0x000000078ea00000)
AC   0  E CS TS     0 PTAMS 0x000000078ea00000 NTAMS 0x000000078ea00000 space 1024K, 100% used [0x000000078ea00000, 0x000000078eb00000)
AC   0  E CS TS     0 PTAMS 0x000000078eb00000 NTAMS 0x000000078eb00000 space 1024K, 100% used [0x000000078eb00000, 0x000000078ec00000)
AC   0  E CS TS     0 PTAMS 0x000000078ec00000 NTAMS 0x000000078ec00000 space 1024K, 100% used [0x000000078ec00000, 0x000000078ed00000)
AC   0  E CS TS     0 PTAMS 0x000000078ed00000 NTAMS 0x000000078ed00000 space 1024K, 100% used [0x000000078ed00000, 0x000000078ee00000)
AC   0  E CS TS     0 PTAMS 0x000000078ee00000 NTAMS 0x000000078ee00000 space 1024K, 100% used [0x000000078ee00000, 0x000000078ef00000)
AC   0  E CS TS     0 PTAMS 0x000000078ef00000 NTAMS 0x000000078ef00000 space 1024K, 100% used [0x000000078ef00000, 0x000000078f000000)
AC   0  E CS TS     0 PTAMS 0x000000078f000000 NTAMS 0x000000078f000000 space 1024K, 100% used [0x000000078f000000, 0x000000078f100000)
AC   0  E CS TS     0 PTAMS 0x000000078f100000 NTAMS 0x000000078f100000 space 1024K, 100% used [0x000000078f100000, 0x000000078f200000)
AC   0  E CS TS     0 PTAMS 0x000000078f200000 NTAMS 0x000000078f200000 space 1024K, 100% used [0x000000078f200000, 0x000000078f300000)
AC   0  E CS TS     5 PTAMS 0x000000078f300000 NTAMS 0x000000078f300000 space 1024K, 100% used [0x000000078f300000, 0x000000078f400000)
AC   0  E CS TS     5 PTAMS 0x000000078f400000 NTAMS 0x000000078f400000 space 1024K, 100% used [0x000000078f400000, 0x000000078f500000)
AC   0  E CS TS     0 PTAMS 0x000000078f500000 NTAMS 0x000000078f500000 space 1024K, 100% used [0x000000078f500000, 0x000000078f600000)
AC   0  E CS TS     0 PTAMS 0x000000078f600000 NTAMS 0x000000078f600000 space 1024K, 100% used [0x000000078f600000, 0x000000078f700000)
AC   0  E CS TS     0 PTAMS 0x000000078f700000 NTAMS 0x000000078f700000 space 1024K, 100% used [0x000000078f700000, 0x000000078f800000)
AC   0  E CS TS     0 PTAMS 0x000000078f800000 NTAMS 0x000000078f800000 space 1024K, 100% used [0x000000078f800000, 0x000000078f900000)
AC   0  E CS TS     3 PTAMS 0x000000078f900000 NTAMS 0x000000078f900000 space 1024K, 100% used [0x000000078f900000, 0x000000078fa00000)
AC   0  E CS TS     3 PTAMS 0x000000078fa00000 NTAMS 0x000000078fa00000 space 1024K, 100% used [0x000000078fa00000, 0x000000078fb00000)
AC   0  E CS TS     0 PTAMS 0x000000078fb00000 NTAMS 0x000000078fb00000 space 1024K, 100% used [0x000000078fb00000, 0x000000078fc00000)
AC   0  E CS TS     0 PTAMS 0x000000078fc00000 NTAMS 0x000000078fc00000 space 1024K, 100% used [0x000000078fc00000, 0x000000078fd00000)
AC   0  E CS TS     0 PTAMS 0x000000078fd00000 NTAMS 0x000000078fd00000 space 1024K, 100% used [0x000000078fd00000, 0x000000078fe00000)
AC   0  E CS TS     0 PTAMS 0x000000078fe00000 NTAMS 0x000000078fe00000 space 1024K, 100% used [0x000000078fe00000, 0x000000078ff00000)
AC   0  E CS TS     0 PTAMS 0x000000078ff00000 NTAMS 0x000000078ff00000 space 1024K, 100% used [0x000000078ff00000, 0x0000000790000000)
AC   0  E CS TS     0 PTAMS 0x0000000790000000 NTAMS 0x0000000790000000 space 1024K, 100% used [0x0000000790000000, 0x0000000790100000)

Card table byte_map: [0x0000000106437000,0x0000000106637000] byte_map_base: 0x0000000102837000

Marking Bits (Prev, Next): (CMBitMap*) 0x0000000102062288, (CMBitMap*) 0x00000001020622e0
 Prev Bits: [0x0000000106837000, 0x0000000107837000)
 Next Bits: [0x00000001171dc000, 0x00000001181dc000)

Polling page: 0x000000010059d000

CodeCache: size=245760Kb used=90348Kb max_used=90358Kb free=155412Kb
 bounds [0x00000001081dc000, 0x000000010dacc000, 0x00000001171dc000]
 total_blobs=22955 nmethods=22188 adapters=673
 compilation: enabled

Compilation events (10 events):
Event: 9090.989 Thread 0x000000010207f000 31384       3       org.eclipse.cdt.core.settings.model.extension.impl.CDefaultTargetPlatformData::getBinaryParserIds (23 bytes)
Event: 9090.990 Thread 0x000000010207f000 nmethod 31384 0x000000010dac5f90 code [0x000000010dac6120, 0x000000010dac64e8]
Event: 9090.992 Thread 0x000000010207f000 31385       3       org.eclipse.cdt.internal.core.settings.model.CConfigurationDescription::<init> (8 bytes)
Event: 9090.992 Thread 0x000000010207f000 nmethod 31385 0x000000010ab54010 code [0x000000010ab54180, 0x000000010ab54328]
Event: 9090.995 Thread 0x000000010208c800 31386       4       org.eclipse.cdt.internal.core.dom.parser.cpp.semantics.EvalID::instantiate (369 bytes)
Event: 9091.006 Thread 0x000000010207f000 31387       3       org.eclipse.cdt.internal.core.pdom.db.Chunk::putLong (155 bytes)
Event: 9091.007 Thread 0x000000010208c800 nmethod 31386 0x000000010dac9c10 code [0x000000010dac9e60, 0x000000010daca878]
Event: 9091.007 Thread 0x000000010207f000 nmethod 31387 0x0000000109137ad0 code [0x0000000109137c40, 0x0000000109137f50]
Event: 9091.094 Thread 0x000000010207f000 31388       3       org.eclipse.ui.internal.texteditor.quickdiff.DocumentLineDiffer$2::isCanceled (28 bytes)
Event: 9091.095 Thread 0x000000010207f000 nmethod 31388 0x0000000108c22c10 code [0x0000000108c22d80, 0x0000000108c23088]

GC Heap History (10 events):
Event: 8958.862 GC heap before
{Heap before GC invocations=136 (full 0):
 garbage-first heap   total 263168K, used 230236K [0x0000000780000000, 0x0000000780100808, 0x00000007c0000000)
  region size 1024K, 125 young (128000K), 5 survivors (5120K)
 Metaspace       used 114100K, capacity 124988K, committed 125252K, reserved 1157120K
  class space    used 13694K, capacity 16927K, committed 17024K, reserved 1048576K
Event: 8958.876 GC heap after
Heap after GC invocations=137 (full 0):
 garbage-first heap   total 263168K, used 107332K [0x0000000780000000, 0x0000000780100808, 0x00000007c0000000)
  region size 1024K, 5 young (5120K), 5 survivors (5120K)
 Metaspace       used 114100K, capacity 124988K, committed 125252K, reserved 1157120K
  class space    used 13694K, capacity 16927K, committed 17024K, reserved 1048576K
}
Event: 8997.731 GC heap before
{Heap before GC invocations=137 (full 0):
 garbage-first heap   total 263168K, used 230212K [0x0000000780000000, 0x0000000780100808, 0x00000007c0000000)
  region size 1024K, 125 young (128000K), 5 survivors (5120K)
 Metaspace       used 114137K, capacity 125052K, committed 125252K, reserved 1157120K
  class space    used 13694K, capacity 16927K, committed 17024K, reserved 1048576K
Event: 8997.744 GC heap after
Heap after GC invocations=138 (full 0):
 garbage-first heap   total 263168K, used 107462K [0x0000000780000000, 0x0000000780100808, 0x00000007c0000000)
  region size 1024K, 5 young (5120K), 5 survivors (5120K)
 Metaspace       used 114137K, capacity 125052K, committed 125252K, reserved 1157120K
  class space    used 13694K, capacity 16927K, committed 17024K, reserved 1048576K
}
Event: 9026.453 GC heap before
{Heap before GC invocations=138 (full 0):
 garbage-first heap   total 263168K, used 230342K [0x0000000780000000, 0x0000000780100808, 0x00000007c0000000)
  region size 1024K, 125 young (128000K), 5 survivors (5120K)
 Metaspace       used 114157K, capacity 125052K, committed 125252K, reserved 1157120K
  class space    used 13694K, capacity 16927K, committed 17024K, reserved 1048576K
Event: 9026.465 GC heap after
Heap after GC invocations=139 (full 0):
 garbage-first heap   total 263168K, used 106784K [0x0000000780000000, 0x0000000780100808, 0x00000007c0000000)
  region size 1024K, 4 young (4096K), 4 survivors (4096K)
 Metaspace       used 114157K, capacity 125052K, committed 125252K, reserved 1157120K
  class space    used 13694K, capacity 16927K, committed 17024K, reserved 1048576K
}
Event: 9056.309 GC heap before
{Heap before GC invocations=139 (full 0):
 garbage-first heap   total 263168K, used 231712K [0x0000000780000000, 0x0000000780100808, 0x00000007c0000000)
  region size 1024K, 126 young (129024K), 4 survivors (4096K)
 Metaspace       used 114174K, capacity 125052K, committed 125252K, reserved 1157120K
  class space    used 13694K, capacity 16927K, committed 17024K, reserved 1048576K
Event: 9056.321 GC heap after
Heap after GC invocations=140 (full 0):
 garbage-first heap   total 263168K, used 105542K [0x0000000780000000, 0x0000000780100808, 0x00000007c0000000)
  region size 1024K, 3 young (3072K), 3 survivors (3072K)
 Metaspace       used 114174K, capacity 125052K, committed 125252K, reserved 1157120K
  class space    used 13694K, capacity 16927K, committed 17024K, reserved 1048576K
}
Event: 9090.429 GC heap before
{Heap before GC invocations=140 (full 0):
 garbage-first heap   total 263168K, used 232518K [0x0000000780000000, 0x0000000780100808, 0x00000007c0000000)
  region size 1024K, 127 young (130048K), 3 survivors (3072K)
 Metaspace       used 114184K, capacity 125052K, committed 125252K, reserved 1157120K
  class space    used 13694K, capacity 16927K, committed 17024K, reserved 1048576K
Event: 9090.441 GC heap after
Heap after GC invocations=141 (full 0):
 garbage-first heap   total 263168K, used 107538K [0x0000000780000000, 0x0000000780100808, 0x00000007c0000000)
  region size 1024K, 5 young (5120K), 5 survivors (5120K)
 Metaspace       used 114184K, capacity 125052K, committed 125252K, reserved 1157120K
  class space    used 13694K, capacity 16927K, committed 17024K, reserved 1048576K
}

Deoptimization events (10 events):
Event: 9076.193 Thread 0x00000001025be000 Uncommon trap: reason=class_check action=maybe_recompile pc=0x000000010ba0f2c4 method=org.eclipse.cdt.internal.core.dom.parser.cpp.semantics.EvalID.instantiate(Lorg/eclipse/cdt/internal/core/dom/parser/cpp/InstantiationContext;I)Lorg/eclipse/cdt/internal/
Event: 9076.193 Thread 0x00000001025be000 Uncommon trap: reason=unstable_if action=reinterpret pc=0x000000010aeb0ac4 method=org.eclipse.cdt.internal.core.dom.parser.cpp.semantics.EvalBinding.getBinding()Lorg/eclipse/cdt/core/dom/ast/IBinding; @ 4
Event: 9076.193 Thread 0x00000001025be000 Uncommon trap: reason=class_check action=maybe_recompile pc=0x000000010d05a924 method=org.eclipse.cdt.internal.core.dom.parser.cpp.semantics.TemplateArgumentDeduction.<init>([Lorg/eclipse/cdt/core/dom/ast/cpp/ICPPTemplateParameter;Lorg/eclipse/cdt/interna
Event: 9076.194 Thread 0x00000001025be000 Uncommon trap: reason=class_check action=maybe_recompile pc=0x000000010ba0f2c4 method=org.eclipse.cdt.internal.core.dom.parser.cpp.semantics.EvalID.instantiate(Lorg/eclipse/cdt/internal/core/dom/parser/cpp/InstantiationContext;I)Lorg/eclipse/cdt/internal/
Event: 9076.194 Thread 0x00000001025be000 Uncommon trap: reason=class_check action=maybe_recompile pc=0x000000010ba15a00 method=org.eclipse.cdt.internal.core.dom.parser.cpp.semantics.EvalID.resolveName(Lorg/eclipse/cdt/core/dom/ast/cpp/ICPPClassType;[Lorg/eclipse/cdt/core/dom/ast/cpp/ICPPTemplate
Event: 9076.194 Thread 0x00000001025be000 Uncommon trap: reason=unstable_if action=reinterpret pc=0x000000010d059c38 method=org.eclipse.cdt.internal.core.dom.parser.cpp.semantics.TemplateArgumentDeduction.deduceForAddressOf(Lorg/eclipse/cdt/core/dom/ast/cpp/ICPPFunctionTemplate;[Lorg/eclipse/cdt/
Event: 9076.194 Thread 0x00000001025be000 Uncommon trap: reason=class_check action=maybe_recompile pc=0x000000010908d0f8 method=org.eclipse.cdt.internal.core.dom.parser.cpp.semantics.TemplateArgumentDeduction.<init>([Lorg/eclipse/cdt/core/dom/ast/cpp/ICPPTemplateParameter;Lorg/eclipse/cdt/interna
Event: 9076.194 Thread 0x00000001025be000 Uncommon trap: reason=class_check action=maybe_recompile pc=0x000000010ba15a00 method=org.eclipse.cdt.internal.core.dom.parser.cpp.semantics.EvalID.resolveName(Lorg/eclipse/cdt/core/dom/ast/cpp/ICPPClassType;[Lorg/eclipse/cdt/core/dom/ast/cpp/ICPPTemplate
Event: 9076.194 Thread 0x00000001025be000 Uncommon trap: reason=class_check action=maybe_recompile pc=0x000000010908d0f8 method=org.eclipse.cdt.internal.core.dom.parser.cpp.semantics.TemplateArgumentDeduction.<init>([Lorg/eclipse/cdt/core/dom/ast/cpp/ICPPTemplateParameter;Lorg/eclipse/cdt/interna
Event: 9076.194 Thread 0x00000001025be000 Uncommon trap: reason=class_check action=maybe_recompile pc=0x000000010ba15a00 method=org.eclipse.cdt.internal.core.dom.parser.cpp.semantics.EvalID.resolveName(Lorg/eclipse/cdt/core/dom/ast/cpp/ICPPClassType;[Lorg/eclipse/cdt/core/dom/ast/cpp/ICPPTemplate

Internal exceptions (10 events):
Event: 9090.974 Thread 0x0000000127d52000 Exception <a 'java/lang/ArrayIndexOutOfBoundsException'> (0x000000078ee66b28) thrown at [/Users/java_re/workspace/8-2-build-macosx-x86_64/jdk8u102/7268/hotspot/src/share/vm/runtime/sharedRuntime.cpp, line 605]
Event: 9090.975 Thread 0x0000000127d52000 Exception <a 'java/lang/ArrayIndexOutOfBoundsException'> (0x000000078ee6a0d0) thrown at [/Users/java_re/workspace/8-2-build-macosx-x86_64/jdk8u102/7268/hotspot/src/share/vm/runtime/sharedRuntime.cpp, line 605]
Event: 9090.975 Thread 0x0000000127d52000 Exception <a 'java/lang/ArrayIndexOutOfBoundsException'> (0x000000078ee6a8a0) thrown at [/Users/java_re/workspace/8-2-build-macosx-x86_64/jdk8u102/7268/hotspot/src/share/vm/runtime/sharedRuntime.cpp, line 605]
Event: 9090.975 Thread 0x0000000127d52000 Exception <a 'java/lang/ArrayIndexOutOfBoundsException'> (0x000000078ee6b050) thrown at [/Users/java_re/workspace/8-2-build-macosx-x86_64/jdk8u102/7268/hotspot/src/share/vm/runtime/sharedRuntime.cpp, line 605]
Event: 9090.975 Thread 0x0000000127d52000 Exception <a 'java/lang/ArrayIndexOutOfBoundsException'> (0x000000078ee6ba90) thrown at [/Users/java_re/workspace/8-2-build-macosx-x86_64/jdk8u102/7268/hotspot/src/share/vm/runtime/sharedRuntime.cpp, line 605]
Event: 9090.975 Thread 0x0000000127d52000 Exception <a 'java/lang/ArrayIndexOutOfBoundsException'> (0x000000078ee6c280) thrown at [/Users/java_re/workspace/8-2-build-macosx-x86_64/jdk8u102/7268/hotspot/src/share/vm/runtime/sharedRuntime.cpp, line 605]
Event: 9090.975 Thread 0x0000000127d52000 Exception <a 'java/lang/ArrayIndexOutOfBoundsException'> (0x000000078ee6ca70) thrown at [/Users/java_re/workspace/8-2-build-macosx-x86_64/jdk8u102/7268/hotspot/src/share/vm/runtime/sharedRuntime.cpp, line 605]
Event: 9090.975 Thread 0x0000000127d52000 Exception <a 'java/lang/ArrayIndexOutOfBoundsException'> (0x000000078ee6f398) thrown at [/Users/java_re/workspace/8-2-build-macosx-x86_64/jdk8u102/7268/hotspot/src/share/vm/runtime/sharedRuntime.cpp, line 605]
Event: 9090.975 Thread 0x0000000127d52000 Exception <a 'java/lang/ArrayIndexOutOfBoundsException'> (0x000000078ee720e8) thrown at [/Users/java_re/workspace/8-2-build-macosx-x86_64/jdk8u102/7268/hotspot/src/share/vm/runtime/sharedRuntime.cpp, line 605]
Event: 9090.975 Thread 0x0000000127d52000 Exception <a 'java/lang/ArrayIndexOutOfBoundsException'> (0x000000078ee72db0) thrown at [/Users/java_re/workspace/8-2-build-macosx-x86_64/jdk8u102/7268/hotspot/src/share/vm/runtime/sharedRuntime.cpp, line 605]

Events (10 events):
Event: 9090.966 Executing VM operation: RevokeBias done
Event: 9090.983 Thread 0x000000010207f000 flushing nmethod 0x0000000108c22c10
Event: 9090.986 Thread 0x0000000100e67800 Thread added: 0x0000000100e67800
Event: 9090.987 Thread 0x0000000100e67800 Thread exited: 0x0000000100e67800
Event: 9090.990 Thread 0x000000010207f000 flushing nmethod 0x0000000109137390
Event: 9091.008 Thread 0x000000012028e000 Thread added: 0x000000012028e000
Event: 9091.008 Thread 0x000000012028e000 Thread exited: 0x000000012028e000
Event: 9091.057 Executing VM operation: RevokeBias
Event: 9091.058 Executing VM operation: RevokeBias done
Event: 9091.279 Thread 0x0000000102622000 Thread added: 0x0000000102622000


Dynamic libraries:
0x000000001d97b000 	/System/Library/Frameworks/Cocoa.framework/Versions/A/Cocoa
0x000000001d97b000 	/usr/lib/libSystem.B.dylib
0x000000001d97b000 	/System/Library/Frameworks/CoreServices.framework/Versions/A/CoreServices
0x000000001d97b000 	/usr/lib/libobjc.A.dylib
0x000000001d97b000 	/System/Library/Frameworks/CoreFoundation.framework/Versions/A/CoreFoundation
0x000000001d97b000 	/System/Library/Frameworks/AppKit.framework/Versions/C/AppKit
0x000000001d97b000 	/System/Library/Frameworks/ApplicationServices.framework/Versions/A/ApplicationServices
0x000000001d97b000 	/System/Library/Frameworks/Foundation.framework/Versions/C/Foundation
0x000000001d97b000 	/System/Library/Frameworks/CoreData.framework/Versions/A/CoreData
0x000000001d97b000 	/System/Library/PrivateFrameworks/RemoteViewServices.framework/Versions/A/RemoteViewServices
0x000000001d97b000 	/System/Library/PrivateFrameworks/UIFoundation.framework/Versions/A/UIFoundation
0x000000001d97b000 	/System/Library/PrivateFrameworks/DFRFoundation.framework/Versions/A/DFRFoundation
0x000000001d97b000 	/usr/lib/libenergytrace.dylib
0x000000001d97b000 	/System/Library/PrivateFrameworks/SkyLight.framework/Versions/A/SkyLight
0x000000001d97b000 	/System/Library/Frameworks/CoreGraphics.framework/Versions/A/CoreGraphics
0x000000001d97b000 	/usr/lib/libScreenReader.dylib
0x000000001d97b000 	/System/Library/Frameworks/Accelerate.framework/Versions/A/Accelerate
0x000000001d97b000 	/System/Library/Frameworks/IOSurface.framework/Versions/A/IOSurface
0x000000001d97b000 	/System/Library/Frameworks/AudioToolbox.framework/Versions/A/AudioToolbox
0x000000001d97b000 	/System/Library/Frameworks/AudioUnit.framework/Versions/A/AudioUnit
0x000000001d97b000 	/System/Library/PrivateFrameworks/DataDetectorsCore.framework/Versions/A/DataDetectorsCore
0x000000001d97b000 	/System/Library/PrivateFrameworks/DesktopServicesPriv.framework/Versions/A/DesktopServicesPriv
0x000000001d97b000 	/System/Library/Frameworks/Carbon.framework/Versions/A/Frameworks/HIToolbox.framework/Versions/A/HIToolbox
0x000000001d97b000 	/usr/lib/libicucore.A.dylib
0x000000001d97b000 	/usr/lib/libz.1.dylib
0x000000001d97b000 	/System/Library/Frameworks/QuartzCore.framework/Versions/A/QuartzCore
0x000000001d97b000 	/System/Library/Frameworks/Security.framework/Versions/A/Security
0x000000001d97b000 	/System/Library/Frameworks/Carbon.framework/Versions/A/Frameworks/SpeechRecognition.framework/Versions/A/SpeechRecognition
0x000000001d97b000 	/usr/lib/libauto.dylib
0x000000001d97b000 	/usr/lib/libxml2.2.dylib
0x000000001d97b000 	/System/Library/PrivateFrameworks/CoreUI.framework/Versions/A/CoreUI
0x000000001d97b000 	/System/Library/Frameworks/CoreAudio.framework/Versions/A/CoreAudio
0x000000001d97b000 	/System/Library/Frameworks/DiskArbitration.framework/Versions/A/DiskArbitration
0x000000001d97b000 	/usr/lib/liblangid.dylib
0x000000001d97b000 	/System/Library/PrivateFrameworks/MultitouchSupport.framework/Versions/A/MultitouchSupport
0x000000001d97b000 	/System/Library/Frameworks/IOKit.framework/Versions/A/IOKit
0x000000001d97b000 	/usr/lib/libDiagnosticMessagesClient.dylib
0x000000001d97b000 	/System/Library/PrivateFrameworks/PerformanceAnalysis.framework/Versions/A/PerformanceAnalysis
0x000000001d97b000 	/System/Library/PrivateFrameworks/GenerationalStorage.framework/Versions/A/GenerationalStorage
0x000000001d97b000 	/System/Library/Frameworks/OpenGL.framework/Versions/A/OpenGL
0x000000001d97b000 	/System/Library/Frameworks/CoreImage.framework/Versions/A/CoreImage
0x000000001d97b000 	/System/Library/Frameworks/CoreText.framework/Versions/A/CoreText
0x000000001d97b000 	/System/Library/Frameworks/ImageIO.framework/Versions/A/ImageIO
0x000000001d97b000 	/System/Library/PrivateFrameworks/Backup.framework/Versions/A/Backup
0x000000001d97b000 	/usr/lib/libarchive.2.dylib
0x000000001d97b000 	/System/Library/Frameworks/CFNetwork.framework/Versions/A/CFNetwork
0x000000001d97b000 	/System/Library/Frameworks/SystemConfiguration.framework/Versions/A/SystemConfiguration
0x000000001d97b000 	/usr/lib/libCRFSuite.dylib
0x000000001d97b000 	/usr/lib/libc++.1.dylib
0x000000001d97b000 	/usr/lib/libc++abi.dylib
0x000000001d97b000 	/usr/lib/system/libcache.dylib
0x000000001d97b000 	/usr/lib/system/libcommonCrypto.dylib
0x000000001d97b000 	/usr/lib/system/libcompiler_rt.dylib
0x000000001d97b000 	/usr/lib/system/libcopyfile.dylib
0x000000001d97b000 	/usr/lib/system/libcorecrypto.dylib
0x000000001d97b000 	/usr/lib/system/libdispatch.dylib
0x000000001d97b000 	/usr/lib/system/libdyld.dylib
0x000000001d97b000 	/usr/lib/system/libkeymgr.dylib
0x000000001d97b000 	/usr/lib/system/liblaunch.dylib
0x000000001d97b000 	/usr/lib/system/libmacho.dylib
0x000000001d97b000 	/usr/lib/system/libquarantine.dylib
0x000000001d97b000 	/usr/lib/system/libremovefile.dylib
0x000000001d97b000 	/usr/lib/system/libsystem_asl.dylib
0x000000001d97b000 	/usr/lib/system/libsystem_blocks.dylib
0x000000001d97b000 	/usr/lib/system/libsystem_c.dylib
0x000000001d97b000 	/usr/lib/system/libsystem_configuration.dylib
0x000000001d97b000 	/usr/lib/system/libsystem_coreservices.dylib
0x000000001d97b000 	/usr/lib/system/libsystem_coretls.dylib
0x000000001d97b000 	/usr/lib/system/libsystem_dnssd.dylib
0x000000001d97b000 	/usr/lib/system/libsystem_info.dylib
0x000000001d97b000 	/usr/lib/system/libsystem_kernel.dylib
0x000000001d97b000 	/usr/lib/system/libsystem_m.dylib
0x000000001d97b000 	/usr/lib/system/libsystem_malloc.dylib
0x000000001d97b000 	/usr/lib/system/libsystem_network.dylib
0x000000001d97b000 	/usr/lib/system/libsystem_networkextension.dylib
0x000000001d97b000 	/usr/lib/system/libsystem_notify.dylib
0x000000001d97b000 	/usr/lib/system/libsystem_platform.dylib
0x000000001d97b000 	/usr/lib/system/libsystem_pthread.dylib
0x000000001d97b000 	/usr/lib/system/libsystem_sandbox.dylib
0x000000001d97b000 	/usr/lib/system/libsystem_secinit.dylib
0x000000001d97b000 	/usr/lib/system/libsystem_symptoms.dylib
0x000000001d97b000 	/usr/lib/system/libsystem_trace.dylib
0x000000001d97b000 	/usr/lib/system/libunwind.dylib
0x000000001d97b000 	/usr/lib/system/libxpc.dylib
0x000000001d97b000 	/usr/lib/libbsm.0.dylib
0x000000001d97b000 	/usr/lib/system/libkxld.dylib
0x000000001d97b000 	/usr/lib/libcoretls.dylib
0x000000001d97b000 	/usr/lib/libcoretls_cfhelpers.dylib
0x000000001d97b000 	/usr/lib/libxar.1.dylib
0x000000001d97b000 	/usr/lib/libsqlite3.dylib
0x000000001d97b000 	/usr/lib/libpam.2.dylib
0x000000001d97b000 	/usr/lib/libOpenScriptingUtil.dylib
0x000000001d97b000 	/usr/lib/libbz2.1.0.dylib
0x000000001d97b000 	/usr/lib/liblzma.5.dylib
0x000000001d97b000 	/usr/lib/libnetwork.dylib
0x000000001d97b000 	/usr/lib/libpcap.A.dylib
0x000000001d97b000 	/System/Library/Frameworks/CoreServices.framework/Versions/A/Frameworks/FSEvents.framework/Versions/A/FSEvents
0x000000001d97b000 	/System/Library/Frameworks/CoreServices.framework/Versions/A/Frameworks/CarbonCore.framework/Versions/A/CarbonCore
0x000000001d97b000 	/System/Library/Frameworks/CoreServices.framework/Versions/A/Frameworks/Metadata.framework/Versions/A/Metadata
0x000000001d97b000 	/System/Library/Frameworks/CoreServices.framework/Versions/A/Frameworks/OSServices.framework/Versions/A/OSServices
0x000000001d97b000 	/System/Library/Frameworks/CoreServices.framework/Versions/A/Frameworks/SearchKit.framework/Versions/A/SearchKit
0x000000001d97b000 	/System/Library/Frameworks/CoreServices.framework/Versions/A/Frameworks/AE.framework/Versions/A/AE
0x000000001d97b000 	/System/Library/Frameworks/CoreServices.framework/Versions/A/Frameworks/LaunchServices.framework/Versions/A/LaunchServices
0x000000001d97b000 	/System/Library/Frameworks/CoreServices.framework/Versions/A/Frameworks/DictionaryServices.framework/Versions/A/DictionaryServices
0x000000001d97b000 	/System/Library/Frameworks/CoreServices.framework/Versions/A/Frameworks/SharedFileList.framework/Versions/A/SharedFileList
0x000000001d97b000 	/System/Library/Frameworks/NetFS.framework/Versions/A/NetFS
0x000000001d97b000 	/System/Library/PrivateFrameworks/NetAuth.framework/Versions/A/NetAuth
0x000000001d97b000 	/System/Library/PrivateFrameworks/login.framework/Versions/A/Frameworks/loginsupport.framework/Versions/A/loginsupport
0x000000001d97b000 	/System/Library/PrivateFrameworks/TCC.framework/Versions/A/TCC
0x000000001d97b000 	/usr/lib/libmecabra.dylib
0x000000001d97b000 	/System/Library/Frameworks/ApplicationServices.framework/Versions/A/Frameworks/ATS.framework/Versions/A/ATS
0x000000001d97b000 	/System/Library/Frameworks/ApplicationServices.framework/Versions/A/Frameworks/ColorSync.framework/Versions/A/ColorSync
0x000000001d97b000 	/System/Library/Frameworks/ApplicationServices.framework/Versions/A/Frameworks/HIServices.framework/Versions/A/HIServices
0x000000001d97b000 	/System/Library/Frameworks/ApplicationServices.framework/Versions/A/Frameworks/LangAnalysis.framework/Versions/A/LangAnalysis
0x000000001d97b000 	/System/Library/Frameworks/ApplicationServices.framework/Versions/A/Frameworks/PrintCore.framework/Versions/A/PrintCore
0x000000001d97b000 	/System/Library/Frameworks/ApplicationServices.framework/Versions/A/Frameworks/QD.framework/Versions/A/QD
0x000000001d97b000 	/System/Library/Frameworks/ApplicationServices.framework/Versions/A/Frameworks/SpeechSynthesis.framework/Versions/A/SpeechSynthesis
0x000000001d97b000 	/System/Library/Frameworks/Accelerate.framework/Versions/A/Frameworks/vImage.framework/Versions/A/vImage
0x000000001d97b000 	/System/Library/Frameworks/Accelerate.framework/Versions/A/Frameworks/vecLib.framework/Versions/A/vecLib
0x000000001d97b000 	/System/Library/Frameworks/Accelerate.framework/Versions/A/Frameworks/vecLib.framework/Versions/A/libvDSP.dylib
0x000000001d97b000 	/System/Library/Frameworks/Accelerate.framework/Versions/A/Frameworks/vecLib.framework/Versions/A/libBNNS.dylib
0x000000001d97b000 	/System/Library/Frameworks/Accelerate.framework/Versions/A/Frameworks/vecLib.framework/Versions/A/libQuadrature.dylib
0x000000001d97b000 	/System/Library/Frameworks/Accelerate.framework/Versions/A/Frameworks/vecLib.framework/Versions/A/libvMisc.dylib
0x000000001d97b000 	/System/Library/Frameworks/Accelerate.framework/Versions/A/Frameworks/vecLib.framework/Versions/A/libLAPACK.dylib
0x000000001d97b000 	/System/Library/Frameworks/Accelerate.framework/Versions/A/Frameworks/vecLib.framework/Versions/A/libBLAS.dylib
0x000000001d97b000 	/System/Library/Frameworks/Accelerate.framework/Versions/A/Frameworks/vecLib.framework/Versions/A/libLinearAlgebra.dylib
0x000000001d97b000 	/System/Library/Frameworks/Accelerate.framework/Versions/A/Frameworks/vecLib.framework/Versions/A/libSparseBLAS.dylib
0x000000001d97b000 	/System/Library/Frameworks/ApplicationServices.framework/Versions/A/Frameworks/ATS.framework/Versions/A/Resources/libFontParser.dylib
0x000000001d97b000 	/System/Library/Frameworks/ApplicationServices.framework/Versions/A/Frameworks/ATS.framework/Versions/A/Resources/libFontRegistry.dylib
0x000000001d97b000 	/System/Library/Frameworks/ImageIO.framework/Versions/A/Resources/libJPEG.dylib
0x000000001d97b000 	/System/Library/Frameworks/ImageIO.framework/Versions/A/Resources/libTIFF.dylib
0x000000001d97b000 	/System/Library/Frameworks/ImageIO.framework/Versions/A/Resources/libPng.dylib
0x000000001d97b000 	/System/Library/Frameworks/ImageIO.framework/Versions/A/Resources/libGIF.dylib
0x000000001d97b000 	/System/Library/Frameworks/ImageIO.framework/Versions/A/Resources/libJP2.dylib
0x000000001d97b000 	/System/Library/Frameworks/ImageIO.framework/Versions/A/Resources/libRadiance.dylib
0x000000001d97b000 	/usr/lib/libcompression.dylib
0x000000001d97b000 	/System/Library/PrivateFrameworks/AppleJPEG.framework/Versions/A/AppleJPEG
0x000000001d97b000 	/usr/lib/libcups.2.dylib
0x000000001d97b000 	/System/Library/Frameworks/Kerberos.framework/Versions/A/Kerberos
0x000000001d97b000 	/System/Library/Frameworks/GSS.framework/Versions/A/GSS
0x000000001d97b000 	/usr/lib/libresolv.9.dylib
0x000000001d97b000 	/usr/lib/libiconv.2.dylib
0x000000001d97b000 	/System/Library/PrivateFrameworks/Heimdal.framework/Versions/A/Heimdal
0x000000001d97b000 	/usr/lib/libheimdal-asn1.dylib
0x000000001d97b000 	/System/Library/Frameworks/OpenDirectory.framework/Versions/A/OpenDirectory
0x000000001d97b000 	/System/Library/PrivateFrameworks/CommonAuth.framework/Versions/A/CommonAuth
0x000000001d97b000 	/System/Library/Frameworks/OpenDirectory.framework/Versions/A/Frameworks/CFOpenDirectory.framework/Versions/A/CFOpenDirectory
0x000000001d97b000 	/System/Library/Frameworks/SecurityFoundation.framework/Versions/A/SecurityFoundation
0x000000001d97b000 	/System/Library/PrivateFrameworks/LanguageModeling.framework/Versions/A/LanguageModeling
0x000000001d97b000 	/usr/lib/libmarisa.dylib
0x000000001d97b000 	/usr/lib/libChineseTokenizer.dylib
0x000000001d97b000 	/usr/lib/libcmph.dylib
0x000000001d97b000 	/System/Library/PrivateFrameworks/CoreEmoji.framework/Versions/A/CoreEmoji
0x000000001d97b000 	/System/Library/Frameworks/ServiceManagement.framework/Versions/A/ServiceManagement
0x000000001d97b000 	/usr/lib/libxslt.1.dylib
0x000000001d97b000 	/System/Library/Frameworks/Carbon.framework/Versions/A/Frameworks/Ink.framework/Versions/A/Ink
0x000000001d97b000 	/System/Library/PrivateFrameworks/TextureIO.framework/Versions/A/TextureIO
0x000000001d97b000 	/System/Library/Frameworks/Metal.framework/Versions/A/Metal
0x000000001d97b000 	/usr/lib/libate.dylib
0x000000001d97b000 	/System/Library/PrivateFrameworks/GPUCompiler.framework/libmetal_timestamp.dylib
0x000000001d97b000 	/System/Library/Frameworks/OpenGL.framework/Versions/A/Libraries/libCoreFSCache.dylib
0x000000001d97b000 	/System/Library/PrivateFrameworks/IOAccelerator.framework/Versions/A/IOAccelerator
0x000000001d97b000 	/System/Library/Frameworks/CoreVideo.framework/Versions/A/CoreVideo
0x000000001d97b000 	/usr/lib/libFosl_dynamic.dylib
0x000000001d97b000 	/System/Library/PrivateFrameworks/MetalPerformanceShaders.framework/Versions/A/MetalPerformanceShaders
0x000000001d97b000 	/System/Library/PrivateFrameworks/FaceCore.framework/Versions/A/FaceCore
0x000000001d97b000 	/System/Library/Frameworks/OpenCL.framework/Versions/A/OpenCL
0x000000001d97b000 	/System/Library/Frameworks/OpenGL.framework/Versions/A/Libraries/libGLU.dylib
0x000000001d97b000 	/System/Library/Frameworks/OpenGL.framework/Versions/A/Libraries/libGFXShared.dylib
0x000000001d97b000 	/System/Library/Frameworks/OpenGL.framework/Versions/A/Libraries/libGL.dylib
0x000000001d97b000 	/System/Library/Frameworks/OpenGL.framework/Versions/A/Libraries/libGLImage.dylib
0x000000001d97b000 	/System/Library/Frameworks/OpenGL.framework/Versions/A/Libraries/libCVMSPluginSupport.dylib
0x000000001d97b000 	/System/Library/Frameworks/OpenGL.framework/Versions/A/Libraries/libCoreVMClient.dylib
0x000000001d97b000 	/System/Library/PrivateFrameworks/CrashReporterSupport.framework/Versions/A/CrashReporterSupport
0x000000001d97b000 	/System/Library/PrivateFrameworks/Sharing.framework/Versions/A/Sharing
0x000000001d97b000 	/System/Library/PrivateFrameworks/IconServices.framework/Versions/A/IconServices
0x000000001d97b000 	/System/Library/PrivateFrameworks/ProtocolBuffer.framework/Versions/A/ProtocolBuffer
0x000000001d97b000 	/System/Library/PrivateFrameworks/Apple80211.framework/Versions/A/Apple80211
0x000000001d97b000 	/System/Library/Frameworks/CoreWLAN.framework/Versions/A/CoreWLAN
0x000000001d97b000 	/System/Library/PrivateFrameworks/CoreUtils.framework/Versions/A/CoreUtils
0x000000001d97b000 	/System/Library/Frameworks/IOBluetooth.framework/Versions/A/IOBluetooth
0x000000001d97b000 	/System/Library/PrivateFrameworks/CoreWiFi.framework/Versions/A/CoreWiFi
0x000000001d97b000 	/System/Library/Frameworks/CoreBluetooth.framework/Versions/A/CoreBluetooth
0x000000001d97b000 	/System/Library/Frameworks/CoreDisplay.framework/Versions/A/CoreDisplay
0x000000001d97b000 	/System/Library/PrivateFrameworks/IOPresentment.framework/Versions/A/IOPresentment
0x000000001d97b000 	/System/Library/PrivateFrameworks/DebugSymbols.framework/Versions/A/DebugSymbols
0x000000001d97b000 	/System/Library/PrivateFrameworks/CoreSymbolication.framework/Versions/A/CoreSymbolication
0x000000001d97b000 	/System/Library/PrivateFrameworks/Symbolication.framework/Versions/A/Symbolication
0x000000001d97b000 	/System/Library/PrivateFrameworks/AppleFSCompression.framework/Versions/A/AppleFSCompression
0x000000001d97b000 	/System/Library/PrivateFrameworks/SpeechRecognitionCore.framework/Versions/A/SpeechRecognitionCore
0x000000001d97b000 	/System/Library/PrivateFrameworks/ChunkingLibrary.framework/Versions/A/ChunkingLibrary
0x0000000100509000 	/Applications/develop tools/Eclipse.app/Contents/Eclipse/plugins/org.eclipse.equinox.launcher.cocoa.macosx.x86_64_1.1.400.v20160518-1444/eclipse_1615.so
0x000000001d97b000 	/System/Library/PrivateFrameworks/CoreServicesInternal.framework/Versions/A/CoreServicesInternal
0x000000010054a000 	/Library/Java/JavaVirtualMachines/jdk1.8.0_102.jdk/Contents/MacOS/libjli.dylib
0x0000000105296000 	/Library/Java/JavaVirtualMachines/jdk1.8.0_102.jdk/Contents/Home/jre//lib/server/libjvm.dylib
0x000000001d97b000 	/usr/lib/libstdc++.6.dylib
0x000000010055a000 	/Library/Java/JavaVirtualMachines/jdk1.8.0_102.jdk/Contents/Home/jre/lib/libverify.dylib
0x0000000100568000 	/Library/Java/JavaVirtualMachines/jdk1.8.0_102.jdk/Contents/Home/jre/lib/libjava.dylib
0x00000001005a6000 	/Library/Java/JavaVirtualMachines/jdk1.8.0_102.jdk/Contents/Home/jre/lib/libzip.dylib
0x0000000107ee3000 	/System/Library/Frameworks/JavaVM.framework/Frameworks/JavaRuntimeSupport.framework/JavaRuntimeSupport
0x0000000104eb5000 	/System/Library/Frameworks/JavaVM.framework/Versions/A/Frameworks/JavaNativeFoundation.framework/Versions/A/JavaNativeFoundation
0x00000001007f0000 	/System/Library/Frameworks/JavaVM.framework/Versions/A/JavaVM
0x000000001d97b000 	/System/Library/Frameworks/Carbon.framework/Versions/A/Carbon
0x0000000107efd000 	/System/Library/PrivateFrameworks/JavaLaunching.framework/Versions/A/JavaLaunching
0x000000001d97b000 	/System/Library/Frameworks/Carbon.framework/Versions/A/Frameworks/CommonPanels.framework/Versions/A/CommonPanels
0x000000001d97b000 	/System/Library/Frameworks/Carbon.framework/Versions/A/Frameworks/Help.framework/Versions/A/Help
0x000000001d97b000 	/System/Library/Frameworks/Carbon.framework/Versions/A/Frameworks/ImageCapture.framework/Versions/A/ImageCapture
0x000000001d97b000 	/System/Library/Frameworks/Carbon.framework/Versions/A/Frameworks/OpenScripting.framework/Versions/A/OpenScripting
0x000000001d97b000 	/System/Library/Frameworks/Carbon.framework/Versions/A/Frameworks/Print.framework/Versions/A/Print
0x000000001d97b000 	/System/Library/Frameworks/Carbon.framework/Versions/A/Frameworks/SecurityHI.framework/Versions/A/SecurityHI
0x000000001d97b000 	/System/Library/CoreServices/RawCamera.bundle/Contents/MacOS/RawCamera
0x000000001d97b000 	/System/Library/Frameworks/Accelerate.framework/Versions/A/Frameworks/vImage.framework/Versions/A/Libraries/libCGInterfaces.dylib
0x000000001d97b000 	/System/Library/PrivateFrameworks/FamilyControls.framework/Versions/A/FamilyControls
0x000000001d97b000 	/System/Library/PrivateFrameworks/CommerceKit.framework/Versions/A/Frameworks/CommerceCore.framework/Versions/A/CommerceCore
0x000000001d97b000 	/System/Library/PrivateFrameworks/SystemAdministration.framework/Versions/A/SystemAdministration
0x000000001d97b000 	/System/Library/PrivateFrameworks/AppContainer.framework/Versions/A/AppContainer
0x000000001d97b000 	/System/Library/PrivateFrameworks/SecCodeWrapper.framework/Versions/A/SecCodeWrapper
0x000000001d97b000 	/System/Library/Frameworks/DirectoryService.framework/Versions/A/DirectoryService
0x000000001d97b000 	/System/Library/PrivateFrameworks/DiskImages.framework/Versions/A/DiskImages
0x000000001d97b000 	/System/Library/PrivateFrameworks/LoginUIKit.framework/Versions/A/Frameworks/LoginUICore.framework/Versions/A/LoginUICore
0x000000001d97b000 	/usr/lib/libCoreStorage.dylib
0x000000001d97b000 	/usr/lib/libcsfde.dylib
0x000000001d97b000 	/usr/lib/libodfde.dylib
0x000000001d97b000 	/System/Library/Frameworks/DiscRecording.framework/Versions/A/DiscRecording
0x000000001d97b000 	/usr/lib/libcurl.4.dylib
0x000000001d97b000 	/System/Library/PrivateFrameworks/MediaKit.framework/Versions/A/MediaKit
0x000000001d97b000 	/System/Library/PrivateFrameworks/ProtectedCloudStorage.framework/Versions/A/ProtectedCloudStorage
0x000000001d97b000 	/System/Library/PrivateFrameworks/EFILogin.framework/Versions/A/EFILogin
0x000000001d97b000 	/usr/lib/libutil.dylib
0x000000001d97b000 	/System/Library/Frameworks/LDAP.framework/Versions/A/LDAP
0x000000001d97b000 	/usr/lib/libsasl2.2.dylib
0x000000001d97b000 	/System/Library/PrivateFrameworks/CoreDaemon.framework/Versions/B/CoreDaemon
0x000000001d97b000 	/System/Library/PrivateFrameworks/AppleSRP.framework/Versions/A/AppleSRP
0x000000001d97b000 	/System/Library/PrivateFrameworks/APFS.framework/Versions/A/APFS
0x000000001d97b000 	/System/Library/Frameworks/ApplicationServices.framework/Versions/A/Frameworks/ATS.framework/Versions/A/Resources/libTrueTypeScaler.dylib
0x000000001d97b000 	/System/Library/Frameworks/OpenGL.framework/Versions/A/Resources/GLEngine.bundle/GLEngine
0x000000001d97b000 	/System/Library/Frameworks/OpenGL.framework/Versions/A/Libraries/libGLProgrammability.dylib
0x000000011e800000 	/System/Library/Extensions/AppleIntelHD5000GraphicsGLDriver.bundle/Contents/MacOS/AppleIntelHD5000GraphicsGLDriver
0x000000001d97b000 	/System/Library/PrivateFrameworks/GPUSupport.framework/Versions/A/Libraries/libGPUSupportMercury.dylib
0x000000001d97b000 	/System/Library/Frameworks/OpenGL.framework/Versions/A/Resources/GLRendererFloat.bundle/GLRendererFloat
0x000000001d97b000 	/System/Library/Frameworks/OpenCL.framework/Versions/A/Libraries/libcldcpuengine.dylib
0x000000001d97b000 	/usr/lib/libcrypto.0.9.8.dylib
0x000000001d97b000 	/System/Library/PrivateFrameworks/TrustEvaluationAgent.framework/Versions/A/TrustEvaluationAgent
0x000000011db00000 	/System/Library/Extensions/AppleIntelHD5000GraphicsMTLDriver.bundle/Contents/MacOS/AppleIntelHD5000GraphicsMTLDriver
0x000000011dfa4000 	/Library/Java/JavaVirtualMachines/jdk1.8.0_102.jdk/Contents/Home/jre/lib/libnet.dylib
0x000000011d94d000 	/Library/Java/JavaVirtualMachines/jdk1.8.0_102.jdk/Contents/Home/jre/lib/libnio.dylib
0x000000001d97b000 	/System/Library/PrivateFrameworks/ViewBridge.framework/Versions/A/ViewBridge
0x000000001d97b000 	/System/Library/PrivateFrameworks/XPCService.framework/Versions/A/XPCService
0x000000001d97b000 	/System/Library/PrivateFrameworks/AppSandbox.framework/Versions/A/AppSandbox
0x000000001d97b000 	/usr/lib/libsandbox.1.dylib
0x000000001d97b000 	/usr/lib/libMatch.1.dylib
0x000000011df14000 	/Applications/develop tools/Eclipse.app/Contents/Eclipse/configuration/org.eclipse.osgi/409/0/.cp/libswt-cocoa-4626.jnilib
0x000000001d97b000 	/System/Library/Frameworks/WebKit.framework/Versions/A/WebKit
0x000000001d97b000 	/System/Library/Frameworks/JavaScriptCore.framework/Versions/A/JavaScriptCore
0x000000001d97b000 	/System/Library/Frameworks/SecurityInterface.framework/Versions/A/SecurityInterface
0x000000001d97b000 	/System/Library/Frameworks/WebKit.framework/Versions/A/Frameworks/WebKitLegacy.framework/Versions/A/WebKitLegacy
0x000000001d97b000 	/System/Library/Frameworks/WebKit.framework/Versions/A/Frameworks/WebCore.framework/Versions/A/WebCore
0x000000011d632000 	/Applications/develop tools/Eclipse.app/Contents/Eclipse/configuration/org.eclipse.osgi/409/0/.cp/libswt-pi-cocoa-4626.jnilib
0x0000000107f56000 	/Applications/develop tools/Eclipse.app/Contents/Eclipse/configuration/org.eclipse.osgi/100/0/.cp/os/macosx/libunixfile_1_0_0.jnilib
0x0000000121f97000 	/Library/Java/JavaVirtualMachines/jdk1.8.0_102.jdk/Contents/Home/jre/lib/libsunec.dylib
0x000000001d97b000 	/System/Library/Frameworks/AVFoundation.framework/Versions/A/AVFoundation
0x000000001d97b000 	/System/Library/Frameworks/AVFoundation.framework/Versions/A/Frameworks/AVFAudio.framework/Versions/A/AVFAudio
0x000000001d97b000 	/System/Library/Frameworks/CoreMedia.framework/Versions/A/CoreMedia
0x000000001d97b000 	/System/Library/Frameworks/MediaToolbox.framework/Versions/A/MediaToolbox
0x000000001d97b000 	/System/Library/Frameworks/VideoToolbox.framework/Versions/A/VideoToolbox
0x000000001d97b000 	/System/Library/PrivateFrameworks/IntlPreferences.framework/Versions/A/IntlPreferences
0x000000001d97b000 	/System/Library/Frameworks/CoreMediaIO.framework/Versions/A/CoreMediaIO
0x000000001d97b000 	/usr/lib/libspindump.dylib
0x000000001d97b000 	/usr/lib/libdscsym.dylib
0x000000001d97b000 	/System/Library/PrivateFrameworks/CoreAVCHD.framework/Versions/A/CoreAVCHD
0x000000001d97b000 	/System/Library/Frameworks/MediaAccessibility.framework/Versions/A/MediaAccessibility
0x000000001d97b000 	/System/Library/PrivateFrameworks/Mangrove.framework/Versions/A/Mangrove
0x000000001d97b000 	/System/Library/PrivateFrameworks/CoreAUC.framework/Versions/A/CoreAUC
0x000000001d97b000 	/System/Library/PrivateFrameworks/AppleVA.framework/Versions/A/AppleVA
0x0000000108088000 	cl_kernels
0x000000001d97b000 	/System/Library/Frameworks/OpenCL.framework/Versions/A/Libraries/ImageFormats/unorm8_bgra.dylib
0x000000001d97b000 	/System/Library/PrivateFrameworks/CloudDocs.framework/Versions/A/CloudDocs
0x000000001d97b000 	/System/Library/Frameworks/CloudKit.framework/Versions/A/CloudKit
0x000000001d97b000 	/System/Library/PrivateFrameworks/MMCS.framework/Versions/A/MMCS
0x000000001d97b000 	/System/Library/Frameworks/CoreLocation.framework/Versions/A/CoreLocation
0x000000001d97b000 	/System/Library/PrivateFrameworks/AssetCacheServices.framework/Versions/A/AssetCacheServices
0x000000001d97b000 	/System/Library/PrivateFrameworks/GeoServices.framework/Versions/A/GeoServices
0x00000001216f1000 	/System/Library/PrivateFrameworks/CoreNLP.framework/Versions/A/CoreNLP
0x000000011d738000 	/Applications/develop tools/Eclipse.app/Contents/Eclipse/configuration/org.eclipse.osgi/59/0/.cp/os/macosx/x86_64/libspawner.jnilib
0x000000011af34000 	cl_kernels
0x000000001d97b000 	/System/Library/Frameworks/OpenCL.framework/Versions/A/Libraries/ImageFormats/unorm8_rgba.dylib
0x000000001d97b000 	/System/Library/PrivateFrameworks/Shortcut.framework/Versions/A/Shortcut
0x000000001d97b000 	/System/Library/PrivateFrameworks/HelpData.framework/Versions/A/HelpData
0x000000001d97b000 	/System/Library/PrivateFrameworks/DataDetectors.framework/Versions/A/DataDetectors
0x000000001d97b000 	/System/Library/Frameworks/AddressBook.framework/Versions/A/AddressBook
0x000000001d97b000 	/System/Library/Frameworks/Quartz.framework/Versions/A/Quartz
0x000000001d97b000 	/System/Library/PrivateFrameworks/ContactsPersistence.framework/Versions/A/ContactsPersistence
0x000000001d97b000 	/System/Library/PrivateFrameworks/CalendarAgentLink.framework/Versions/A/CalendarAgentLink
0x000000001d97b000 	/System/Library/PrivateFrameworks/ContactsFoundation.framework/Versions/A/ContactsFoundation
0x000000001d97b000 	/System/Library/PrivateFrameworks/vCard.framework/Versions/A/vCard
0x000000001d97b000 	/System/Library/PrivateFrameworks/ToneLibrary.framework/Versions/A/ToneLibrary
0x000000001d97b000 	/System/Library/PrivateFrameworks/ToneKit.framework/Versions/A/ToneKit
0x000000001d97b000 	/System/Library/PrivateFrameworks/ApplePushService.framework/Versions/A/ApplePushService
0x000000001d97b000 	/System/Library/PrivateFrameworks/PhoneNumbers.framework/Versions/A/PhoneNumbers
0x000000001d97b000 	/System/Library/Frameworks/Accounts.framework/Versions/A/Accounts
0x000000001d97b000 	/System/Library/PrivateFrameworks/OAuth.framework/Versions/A/OAuth
0x000000001d97b000 	/System/Library/Frameworks/Quartz.framework/Versions/A/Frameworks/QuartzComposer.framework/Versions/A/QuartzComposer
0x000000001d97b000 	/System/Library/Frameworks/Quartz.framework/Versions/A/Frameworks/PDFKit.framework/Versions/A/PDFKit
0x000000001d97b000 	/System/Library/Frameworks/Quartz.framework/Versions/A/Frameworks/QuartzFilters.framework/Versions/A/QuartzFilters
0x000000001d97b000 	/System/Library/Frameworks/Quartz.framework/Versions/A/Frameworks/ImageKit.framework/Versions/A/ImageKit
0x000000001d97b000 	/System/Library/Frameworks/Quartz.framework/Versions/A/Frameworks/QuickLookUI.framework/Versions/A/QuickLookUI
0x000000001d97b000 	/System/Library/Frameworks/QTKit.framework/Versions/A/QTKit
0x000000001d97b000 	/System/Library/PrivateFrameworks/AppleSystemInfo.framework/Versions/A/AppleSystemInfo
0x000000001d97b000 	/System/Library/PrivateFrameworks/CoreMediaAuthoring.framework/Versions/A/CoreMediaAuthoring
0x000000001d97b000 	/System/Library/PrivateFrameworks/CorePDF.framework/Versions/A/CorePDF
0x000000001d97b000 	/System/Library/Frameworks/SafariServices.framework/Versions/A/SafariServices
0x000000001d97b000 	/System/Library/Frameworks/QuickLook.framework/Versions/A/QuickLook
0x000000001d97b000 	/System/Library/PrivateFrameworks/MobileKeyBag.framework/Versions/A/MobileKeyBag
0x000000001d97b000 	/System/Library/PrivateFrameworks/QuickLookThumbnailing.framework/Versions/A/QuickLookThumbnailing
0x000000001d97b000 	/System/Library/PrivateFrameworks/DisplayServices.framework/Versions/A/DisplayServices
0x000000001d97b000 	/System/Library/Frameworks/ImageCaptureCore.framework/Versions/A/ImageCaptureCore
0x000000011d6de000 	/usr/lib/libgermantok.dylib
0x000000011d829000 	cl_kernels
0x000000011d8c4000 	cl_kernels
0x000000011d946000 	cl_kernels
0x000000011d6cd000 	/Applications/develop tools/Eclipse.app/Contents/Eclipse/configuration/org.eclipse.osgi/59/0/.cp/os/macosx/x86_64/libpty.jnilib

VM Arguments:
jvm_args: -Dosgi.requiredJavaVersion=1.8 -XX:+UseG1GC -XX:+UseStringDeduplication -XstartOnFirstThread -Dorg.eclipse.swt.internal.carbon.smallFonts -Dosgi.requiredJavaVersion=1.8 -Xms256m -Xmx1024m -Xdock:icon=../Resources/Eclipse.icns -XstartOnFirstThread -Dorg.eclipse.swt.internal.carbon.smallFonts 
java_command: <unknown>
java_class_path (initial): /Applications/develop tools/Eclipse.app/Contents/MacOS//../Eclipse/plugins/org.eclipse.equinox.launcher_1.3.200.v20160318-1642.jar
Launcher Type: generic

Environment Variables:
PATH=/usr/bin:/bin:/usr/sbin:/sbin
SHELL=/bin/bash

Signal Handlers:
SIGSEGV: [libjvm.dylib+0x5b0579], sa_mask[0]=11111111011111110111111111111111, sa_flags=SA_ONSTACK|SA_RESTART|SA_SIGINFO
SIGBUS: [libjvm.dylib+0x5b0579], sa_mask[0]=11111111011111110111111111111111, sa_flags=SA_RESTART|SA_SIGINFO
SIGFPE: [libjvm.dylib+0x4874e4], sa_mask[0]=11111111011111110111111111111111, sa_flags=SA_RESTART|SA_SIGINFO
SIGPIPE: [libjvm.dylib+0x4874e4], sa_mask[0]=11111111011111110111111111111111, sa_flags=SA_RESTART|SA_SIGINFO
SIGXFSZ: [libjvm.dylib+0x4874e4], sa_mask[0]=11111111011111110111111111111111, sa_flags=SA_RESTART|SA_SIGINFO
SIGILL: [libjvm.dylib+0x4874e4], sa_mask[0]=11111111011111110111111111111111, sa_flags=SA_RESTART|SA_SIGINFO
SIGUSR1: SIG_DFL, sa_mask[0]=00000000000000000000000000000000, sa_flags=none
SIGUSR2: [libjvm.dylib+0x487002], sa_mask[0]=00000000000000000000000000000000, sa_flags=SA_RESTART|SA_SIGINFO
SIGHUP: [libjvm.dylib+0x4855d9], sa_mask[0]=11111111011111110111111111111111, sa_flags=SA_RESTART|SA_SIGINFO
SIGINT: [libjvm.dylib+0x4855d9], sa_mask[0]=11111111011111110111111111111111, sa_flags=SA_RESTART|SA_SIGINFO
SIGTERM: [libjvm.dylib+0x4855d9], sa_mask[0]=11111111011111110111111111111111, sa_flags=SA_RESTART|SA_SIGINFO
SIGQUIT: [libjvm.dylib+0x4855d9], sa_mask[0]=11111111011111110111111111111111, sa_flags=SA_RESTART|SA_SIGINFO


---------------  S Y S T E M  ---------------

OS:Bsduname:Darwin 16.3.0 Darwin Kernel Version 16.3.0: Thu Nov 17 20:23:58 PST 2016; root:xnu-3789.31.2~1/RELEASE_X86_64 x86_64
rlimit: STACK 8192k, CORE 0k, NPROC 709, NOFILE 10240, AS infinity
load average:1.94 1.58 1.48

CPU:total 4 (2 cores per cpu, 2 threads per core) family 6 model 69 stepping 1, cmov, cx8, fxsr, mmx, sse, sse2, sse3, ssse3, sse4.1, sse4.2, popcnt, avx, avx2, aes, clmul, erms, lzcnt, ht, tsc, tscinvbit, bmi1, bmi2

Memory: 4k page, physical 8388608k(1823560k free)

/proc/meminfo:


vm_info: Java HotSpot(TM) 64-Bit Server VM (25.102-b14) for bsd-amd64 JRE (1.8.0_102-b14), built on Jun 22 2016 11:42:36 by "java_re" with gcc 4.2.1 (Based on Apple Inc. build 5658) (LLVM build 2336.11.00)

time: Mon Feb  6 14:42:40 2017
elapsed time: 9091 seconds (0d 2h 31m 31s)

